Could not edit class java/io/Serializable
Could not edit class java/lang/Comparable
Could not edit class java/lang/reflect/GenericDeclaration
Could not edit class java/lang/Cloneable
Could not edit class java/lang/Runnable
Could not edit class java/lang/Thread$UncaughtExceptionHandler
Could not edit class java/lang/reflect/Member
Could not edit class sun/reflect/MethodAccessor
Could not edit class sun/reflect/ConstructorAccessor
Could not edit class sun/reflect/FieldAccessor
Could not edit class sun/reflect/CallerSensitive
Could not edit class java/lang/annotation/Annotation
Could not edit class java/lang/Appendable
Could not edit class java/io/Closeable
Could not edit class java/lang/AutoCloseable
VMStart
Could not edit class java/security/Guard
Could not edit class java/security/PrivilegedAction
Could not edit class java/util/RandomAccess
Could not edit class sun/misc/JavaLangRefAccess
Could not edit class sun/reflect/LangReflectAccess
Could not edit class sun/nio/cs/HistoricallyNamedCharset
Could not edit class sun/nio/cs/ArrayDecoder
Could not edit class java/util/Enumeration
Could not edit class sun/misc/JavaIOFileDescriptorAccess
Could not edit class java/io/Flushable
Could not edit class java/security/PrivilegedExceptionAction
Could not edit class sun/nio/cs/ArrayEncoder
Could not edit class sun/misc/JavaNioAccess
Could not edit class java/nio/file/Watchable
Could not edit class sun/misc/JavaLangAccess
Could not edit class java/net/URLStreamHandlerFactory
Could not edit class sun/misc/JavaNetAccess
Could not edit class java/util/concurrent/locks/Lock
Could not edit class sun/misc/JavaSecurityAccess
Could not edit class sun/misc/JavaSecurityProtectionDomainAccess
VMInit main
ThreadStart Signal Dispatcher
ThreadStart main
Could not edit class java/util/zip/ZipConstants
Could not edit class sun/misc/JavaUtilZipFileAccess
Could not edit class sun/misc/JavaUtilJarAccess
Could not edit class java/util/Deque
Could not edit class java/util/Queue
Could not edit class sun/nio/ch/DirectBuffer
Could not edit class java/lang/Readable
Could not edit class java/util/spi/ResourceBundleControlProvider
Could not edit class java/util/ResourceBundle$CacheKeyReference
ThreadEnd main
VMDeath
Begin Class Stats
End Class Stats
