#
# A fatal error has been detected by the Java Runtime Environment:
#
#  SIGSEGV (0xb) at pc=0x00007fd597c49d19, pid=4423, tid=0x00007fd598dd9700
#
# JRE version:  (8.0) (build )
# Java VM: OpenJDK 64-Bit Server VM (25.71-b00 mixed mode linux-amd64 compressed oops)
# Problematic frame:
# V  [libjvm.so+0x9a5d19]  Symbol::as_C_string() const+0x9
#
# Failed to write core dump. Core dumps have been disabled. To enable core dumping, try "ulimit -c unlimited" before starting Java again
#
# If you would like to submit a bug report, please visit:
#   http://bugreport.java.com/bugreport/crash.jsp
#

---------------  T H R E A D  ---------------

Current thread (0x00007fd59000a800):  JavaThread "Unknown thread" [_thread_in_vm, id=4424, stack(0x00007fd598cd9000,0x00007fd598dda000)]

siginfo: si_signo: 11 (SIGSEGV), si_code: 1 (SEGV_MAPERR), si_addr: 0x0000000000000000

Registers:
RAX=0x0000000000000000, RBX=0x00007fd598dd87c0, RCX=0x0000000000000007, RDX=0x0000000000000000
RSP=0x00007fd598dd86a0, RBP=0x00007fd598dd86b0, RSI=0x0000000000000000, RDI=0x0000000000000000
R8 =0x00007fd580036f30, R9 =0x0000000000000008, R10=0x0000000000000007, R11=0x000000000000000e
R12=0x0000000000000073, R13=0x00007fd59000a800, R14=0x00007fd59000b398, R15=0x00007fd598dd86c0
RIP=0x00007fd597c49d19, EFLAGS=0x0000000000010246, CSGSFS=0x002b000000000033, ERR=0x0000000000000004
  TRAPNO=0x000000000000000e

Top of Stack: (sp=0x00007fd598dd86a0)
0x00007fd598dd86a0:   00007fd598dd87c0 0000000000000073
0x00007fd598dd86b0:   00007fd598dd8700 00007fd597a11faa
0x00007fd598dd86c0:   00007fd5800ea850 00007fd59000a800
0x00007fd598dd86d0:   0000000000000016 00007fd59000a800
0x00007fd598dd86e0:   00007fd598dd8790 00007fd598dd87c0
0x00007fd598dd86f0:   00007fd590009850 0000000000000000
0x00007fd598dd8700:   00007fd598dd8840 00007fd5978e4ce0
0x00007fd598dd8710:   00007fd598dd8760 00000000000003d8
0x00007fd598dd8720:   00007fd598dd87a0 00007fd598dd8770
0x00007fd598dd8730:   00007fd5900081b0 00007fd590008578
0x00007fd598dd8740:   00007fd590008190 000000b7c00131a0
0x00007fd598dd8750:   00007fd59000b398 00007fd59000a9c0
0x00007fd598dd8760:   00007fd59000a800 00007fd59000a800
0x00007fd598dd8770:   00007fd58003d8a0 00007fd59000a800
0x00007fd598dd8780:   00007fd580036f30 00007fd59000a800
0x00007fd598dd8790:   00007fd580036f30 00007fd59000a800
0x00007fd598dd87a0:   00007fd581005310 00007fd500000000
0x00007fd598dd87b0:   00007fd598dd88b0 00007fd598dd8858
0x00007fd598dd87c0:   00000007c00131a0 00000007c00131a0
0x00007fd598dd87d0:   00007fd5800ea850 00007fd59000a800
0x00007fd598dd87e0:   00007fd5800ea850 00007fd59000a800
0x00007fd598dd87f0:   fffffffe00000000 0000000000000000
0x00007fd598dd8800:   0000000000000000 00007fd500000000
0x00007fd598dd8810:   00007fd580036f30 00000000000000b7
0x00007fd598dd8820:   0000000000000000 00007fd58003d88c
0x00007fd598dd8830:   00007fd598dd88b8 00007fd59000a800
0x00007fd598dd8840:   00007fd598dd88b0 00007fd581024868
0x00007fd598dd8850:   00007fd581024823 0000000000000000
0x00007fd598dd8860:   000000076cf05740 000000076cf05740
0x00007fd598dd8870:   00007fd598dd8870 00007fd58003d88c
0x00007fd598dd8880:   00007fd598dd88b8 00007fd5800e5f70
0x00007fd598dd8890:   0000000000000000 00007fd58003d8a0 

Instructions: (pc=0x00007fd597c49d19)
0x00007fd597c49cf9:   ff 66 0f 1f 44 00 00 be 0d 00 00 00 e9 56 fd ff
0x00007fd597c49d09:   ff 66 0f 1f 44 00 00 55 31 f6 48 89 e5 41 54 53
0x00007fd597c49d19:   44 0f b7 27 48 89 fb 41 8d 7c 24 01 48 63 ff e8
0x00007fd597c49d29:   03 35 f8 ff 0f b7 13 44 39 e2 49 0f 4f d4 85 d2 

Register to memory mapping:

RAX=0x0000000000000000 is an unknown value
RBX=0x00007fd598dd87c0 is pointing into the stack for thread: 0x00007fd59000a800
RCX=0x0000000000000007 is an unknown value
RDX=0x0000000000000000 is an unknown value
RSP=0x00007fd598dd86a0 is pointing into the stack for thread: 0x00007fd59000a800
RBP=0x00007fd598dd86b0 is pointing into the stack for thread: 0x00007fd59000a800
RSI=0x0000000000000000 is an unknown value
RDI=0x0000000000000000 is an unknown value
R8 =0x00007fd580036f30 is pointing into metadata
R9 =0x0000000000000008 is an unknown value
R10=0x0000000000000007 is an unknown value
R11=0x000000000000000e is an unknown value
R12=0x0000000000000073 is an unknown value
R13=0x00007fd59000a800 is a thread
R14=0x00007fd59000b398 is an unknown value
R15=0x00007fd598dd86c0 is pointing into the stack for thread: 0x00007fd59000a800


Stack: [0x00007fd598cd9000,0x00007fd598dda000],  sp=0x00007fd598dd86a0,  free space=1021k
Native frames: (J=compiled Java code, j=interpreted, Vv=VM code, C=native code)
V  [libjvm.so+0x9a5d19]  Symbol::as_C_string() const+0x9
V  [libjvm.so+0x76dfaa]  LinkResolver::resolve_invoke(CallInfo&, Handle, constantPoolHandle, int, Bytecodes::Code, Thread*)+0xaa
V  [libjvm.so+0x640ce0]  InterpreterRuntime::resolve_invoke(JavaThread*, Bytecodes::Code)+0x2f0
j  java.lang.String.<clinit>()V+12
v  ~StubRoutines::call_stub
V  [libjvm.so+0x64e1c0]  JavaCalls::call_helper(JavaValue*, methodHandle*, JavaCallArguments*, Thread*)+0xf30
V  [libjvm.so+0x60fed7]  InstanceKlass::call_class_initializer_impl(instanceKlassHandle, Thread*)+0xe7
V  [libjvm.so+0x6102e7]  InstanceKlass::initialize_impl(instanceKlassHandle, Thread*)+0x397
V  [libjvm.so+0x610541]  InstanceKlass::initialize(Thread*)+0x51
V  [libjvm.so+0x9e8a62]  Threads::create_vm(JavaVMInitArgs*, bool*)+0x4e2
V  [libjvm.so+0x66f38b]  JNI_CreateJavaVM+0x6b
C  [libjli.so+0x859f]  JavaMain+0x7f
C  [libpthread.so.0+0x76ba]  start_thread+0xca

Java frames: (J=compiled Java code, j=interpreted, Vv=VM code)
j  java.lang.String.<clinit>()V+12
v  ~StubRoutines::call_stub

---------------  P R O C E S S  ---------------

Java Threads: ( => current thread )
=>0x00007fd59000a800 JavaThread "Unknown thread" [_thread_in_vm, id=4424, stack(0x00007fd598cd9000,0x00007fd598dda000)]

Other Threads:
  0x00007fd590076800 VMThread [stack: 0x00007fd556be6000,0x00007fd556ce7000] [id=4433]

VM state:not at safepoint (normal execution)

VM Mutex/Monitor currently owned by a thread: None

heap address: 0x00000006c6c00000, size: 3988 MB, Compressed Oops mode: Zero based, Oop shift amount: 3
Narrow klass base: 0x0000000000000000, Narrow klass shift: 3
Compressed class space size: 1073741824 Address: 0x00000007c0000000

Heap:
 PSYoungGen      total 74752K, used 1290K [0x000000076cf00000, 0x0000000772200000, 0x00000007c0000000)
  eden space 64512K, 2% used [0x000000076cf00000,0x000000076d042900,0x0000000770e00000)
  from space 10240K, 0% used [0x0000000771800000,0x0000000771800000,0x0000000772200000)
  to   space 10240K, 0% used [0x0000000770e00000,0x0000000770e00000,0x0000000771800000)
 ParOldGen       total 171008K, used 0K [0x00000006c6c00000, 0x00000006d1300000, 0x000000076cf00000)
  object space 171008K, 0% used [0x00000006c6c00000,0x00000006c6c00000,0x00000006d1300000)
 Metaspace       used 801K, capacity 4480K, committed 4480K, reserved 1056768K
  class space    used 77K, capacity 384K, committed 384K, reserved 1048576K

Card table byte_map: [0x00007fd595372000,0x00007fd595b3d000] byte_map_base: 0x00007fd591d3c000

Marking Bits: (ParMarkBitMap*) 0x00007fd5981b15c0
 Begin Bits: [0x00007fd558360000, 0x00007fd55c1b0000)
 End Bits:   [0x00007fd55c1b0000, 0x00007fd560000000)

Polling page: 0x00007fd598df4000

CodeCache: size=245760Kb used=389Kb max_used=389Kb free=245370Kb
 bounds [0x00007fd581000000, 0x00007fd581270000, 0x00007fd590000000]
 total_blobs=72 nmethods=0 adapters=48
 compilation: enabled

Compilation events (0 events):
No events

GC Heap History (0 events):
No events

Deoptimization events (0 events):
No events

Classes redefined (0 events):
No events

Internal exceptions (0 events):
No events

Events (10 events):
Event: 0.013 loading class java/lang/NullPointerException done
Event: 0.013 loading class java/lang/ArithmeticException
Event: 0.013 loading class java/lang/ArithmeticException done
Event: 0.014 Thread 0x00007fd59000a800 Thread added: 0x00007fd59000a800
Event: 0.014 loading class java/io/ObjectStreamField
Event: 0.014 loading class java/io/ObjectStreamField done
Event: 0.014 loading class java/lang/String$CaseInsensitiveComparator
Event: 0.014 loading class java/util/Comparator
Event: 0.014 loading class java/util/Comparator done
Event: 0.014 loading class java/lang/String$CaseInsensitiveComparator done


Dynamic libraries:
00400000-00401000 r-xp 00000000 08:02 11277108                           /home/jay/openjdk/jdk8/build/linux-x86_64-normal-server-release/jdk/bin/java
00600000-00601000 r--p 00000000 08:02 11277108                           /home/jay/openjdk/jdk8/build/linux-x86_64-normal-server-release/jdk/bin/java
00601000-00602000 rw-p 00001000 08:02 11277108                           /home/jay/openjdk/jdk8/build/linux-x86_64-normal-server-release/jdk/bin/java
00cbb000-00cdc000 rw-p 00000000 00:00 0                                  [heap]
6c6c00000-6d1300000 rw-p 00000000 00:00 0 
6d1300000-76cf00000 ---p 00000000 00:00 0 
76cf00000-772200000 rw-p 00000000 00:00 0 
772200000-7c0000000 ---p 00000000 00:00 0 
7c0000000-7c0060000 rw-p 00000000 00:00 0 
7c0060000-800000000 ---p 00000000 00:00 0 
7fd550000000-7fd550021000 rw-p 00000000 00:00 0 
7fd550021000-7fd554000000 ---p 00000000 00:00 0 
7fd55697a000-7fd556be6000 rw-p 00000000 00:00 0 
7fd556be6000-7fd556be7000 ---p 00000000 00:00 0 
7fd556be7000-7fd560000000 rw-p 00000000 00:00 0 
7fd560000000-7fd560021000 rw-p 00000000 00:00 0 
7fd560021000-7fd564000000 ---p 00000000 00:00 0 
7fd564000000-7fd564021000 rw-p 00000000 00:00 0 
7fd564021000-7fd568000000 ---p 00000000 00:00 0 
7fd568000000-7fd568021000 rw-p 00000000 00:00 0 
7fd568021000-7fd56c000000 ---p 00000000 00:00 0 
7fd56c000000-7fd56c021000 rw-p 00000000 00:00 0 
7fd56c021000-7fd570000000 ---p 00000000 00:00 0 
7fd570000000-7fd570021000 rw-p 00000000 00:00 0 
7fd570021000-7fd574000000 ---p 00000000 00:00 0 
7fd574000000-7fd574021000 rw-p 00000000 00:00 0 
7fd574021000-7fd578000000 ---p 00000000 00:00 0 
7fd578000000-7fd578021000 rw-p 00000000 00:00 0 
7fd578021000-7fd57c000000 ---p 00000000 00:00 0 
7fd57c000000-7fd57c021000 rw-p 00000000 00:00 0 
7fd57c021000-7fd580000000 ---p 00000000 00:00 0 
7fd580015000-7fd580436000 rw-p 00000000 00:00 0 
7fd580436000-7fd580836000 ---p 00000000 00:00 0 
7fd580836000-7fd581000000 rw-p 00000000 00:00 0 
7fd581000000-7fd581270000 rwxp 00000000 00:00 0 
7fd581270000-7fd590000000 ---p 00000000 00:00 0 
7fd590000000-7fd590093000 rw-p 00000000 00:00 0 
7fd590093000-7fd594000000 ---p 00000000 00:00 0 
7fd594018000-7fd594638000 rw-p 00000000 00:00 0 
7fd594638000-7fd594639000 ---p 00000000 00:00 0 
7fd594639000-7fd594739000 rw-p 00000000 00:00 0 
7fd594739000-7fd59473a000 ---p 00000000 00:00 0 
7fd59473a000-7fd59483a000 rw-p 00000000 00:00 0 
7fd59483a000-7fd59483b000 ---p 00000000 00:00 0 
7fd59483b000-7fd59493b000 rw-p 00000000 00:00 0 
7fd59493b000-7fd59493c000 ---p 00000000 00:00 0 
7fd59493c000-7fd594a3c000 rw-p 00000000 00:00 0 
7fd594a3c000-7fd594a3d000 ---p 00000000 00:00 0 
7fd594a3d000-7fd594b3d000 rw-p 00000000 00:00 0 
7fd594b3d000-7fd594b3e000 ---p 00000000 00:00 0 
7fd594b3e000-7fd594c3e000 rw-p 00000000 00:00 0 
7fd594c3e000-7fd594c3f000 ---p 00000000 00:00 0 
7fd594c3f000-7fd594d3f000 rw-p 00000000 00:00 0 
7fd594d3f000-7fd594d40000 ---p 00000000 00:00 0 
7fd594d40000-7fd594e94000 rw-p 00000000 00:00 0 
7fd594e94000-7fd595372000 ---p 00000000 00:00 0 
7fd595372000-7fd5953c6000 rw-p 00000000 00:00 0 
7fd5953c6000-7fd5958a3000 ---p 00000000 00:00 0 
7fd5958a3000-7fd5958cd000 rw-p 00000000 00:00 0 
7fd5958cd000-7fd595b3c000 ---p 00000000 00:00 0 
7fd595b3c000-7fd595b47000 rw-p 00000000 00:00 0 
7fd595b47000-7fd595efd000 ---p 00000000 00:00 0 
7fd595efd000-7fd595f18000 r-xp 00000000 08:02 6696479                    /home/jay/openjdk/jdk8/build/linux-x86_64-normal-server-release/jdk/lib/amd64/libzip.so
7fd595f18000-7fd596117000 ---p 0001b000 08:02 6696479                    /home/jay/openjdk/jdk8/build/linux-x86_64-normal-server-release/jdk/lib/amd64/libzip.so
7fd596117000-7fd596118000 r--p 0001a000 08:02 6696479                    /home/jay/openjdk/jdk8/build/linux-x86_64-normal-server-release/jdk/lib/amd64/libzip.so
7fd596118000-7fd596119000 rw-p 0001b000 08:02 6696479                    /home/jay/openjdk/jdk8/build/linux-x86_64-normal-server-release/jdk/lib/amd64/libzip.so
7fd596119000-7fd596124000 r-xp 00000000 08:02 12063542                   /lib/x86_64-linux-gnu/libnss_files-2.23.so
7fd596124000-7fd596323000 ---p 0000b000 08:02 12063542                   /lib/x86_64-linux-gnu/libnss_files-2.23.so
7fd596323000-7fd596324000 r--p 0000a000 08:02 12063542                   /lib/x86_64-linux-gnu/libnss_files-2.23.so
7fd596324000-7fd596325000 rw-p 0000b000 08:02 12063542                   /lib/x86_64-linux-gnu/libnss_files-2.23.so
7fd596325000-7fd59632b000 rw-p 00000000 00:00 0 
7fd59632b000-7fd596336000 r-xp 00000000 08:02 12063552                   /lib/x86_64-linux-gnu/libnss_nis-2.23.so
7fd596336000-7fd596535000 ---p 0000b000 08:02 12063552                   /lib/x86_64-linux-gnu/libnss_nis-2.23.so
7fd596535000-7fd596536000 r--p 0000a000 08:02 12063552                   /lib/x86_64-linux-gnu/libnss_nis-2.23.so
7fd596536000-7fd596537000 rw-p 0000b000 08:02 12063552                   /lib/x86_64-linux-gnu/libnss_nis-2.23.so
7fd596537000-7fd59654d000 r-xp 00000000 08:02 12063536                   /lib/x86_64-linux-gnu/libnsl-2.23.so
7fd59654d000-7fd59674c000 ---p 00016000 08:02 12063536                   /lib/x86_64-linux-gnu/libnsl-2.23.so
7fd59674c000-7fd59674d000 r--p 00015000 08:02 12063536                   /lib/x86_64-linux-gnu/libnsl-2.23.so
7fd59674d000-7fd59674e000 rw-p 00016000 08:02 12063536                   /lib/x86_64-linux-gnu/libnsl-2.23.so
7fd59674e000-7fd596750000 rw-p 00000000 00:00 0 
7fd596750000-7fd596758000 r-xp 00000000 08:02 12063538                   /lib/x86_64-linux-gnu/libnss_compat-2.23.so
7fd596758000-7fd596957000 ---p 00008000 08:02 12063538                   /lib/x86_64-linux-gnu/libnss_compat-2.23.so
7fd596957000-7fd596958000 r--p 00007000 08:02 12063538                   /lib/x86_64-linux-gnu/libnss_compat-2.23.so
7fd596958000-7fd596959000 rw-p 00008000 08:02 12063538                   /lib/x86_64-linux-gnu/libnss_compat-2.23.so
7fd596959000-7fd596982000 r-xp 00000000 08:02 6696461                    /home/jay/openjdk/jdk8/build/linux-x86_64-normal-server-release/jdk/lib/amd64/libjava.so
7fd596982000-7fd596b81000 ---p 00029000 08:02 6696461                    /home/jay/openjdk/jdk8/build/linux-x86_64-normal-server-release/jdk/lib/amd64/libjava.so
7fd596b81000-7fd596b82000 r--p 00028000 08:02 6696461                    /home/jay/openjdk/jdk8/build/linux-x86_64-normal-server-release/jdk/lib/amd64/libjava.so
7fd596b82000-7fd596b84000 rw-p 00029000 08:02 6696461                    /home/jay/openjdk/jdk8/build/linux-x86_64-normal-server-release/jdk/lib/amd64/libjava.so
7fd596b84000-7fd596b91000 r-xp 00000000 08:02 6696451                    /home/jay/openjdk/jdk8/build/linux-x86_64-normal-server-release/jdk/lib/amd64/libverify.so
7fd596b91000-7fd596d90000 ---p 0000d000 08:02 6696451                    /home/jay/openjdk/jdk8/build/linux-x86_64-normal-server-release/jdk/lib/amd64/libverify.so
7fd596d90000-7fd596d92000 r--p 0000c000 08:02 6696451                    /home/jay/openjdk/jdk8/build/linux-x86_64-normal-server-release/jdk/lib/amd64/libverify.so
7fd596d92000-7fd596d93000 rw-p 0000e000 08:02 6696451                    /home/jay/openjdk/jdk8/build/linux-x86_64-normal-server-release/jdk/lib/amd64/libverify.so
7fd596d93000-7fd596d9a000 r-xp 00000000 08:02 12063597                   /lib/x86_64-linux-gnu/librt-2.23.so
7fd596d9a000-7fd596f99000 ---p 00007000 08:02 12063597                   /lib/x86_64-linux-gnu/librt-2.23.so
7fd596f99000-7fd596f9a000 r--p 00006000 08:02 12063597                   /lib/x86_64-linux-gnu/librt-2.23.so
7fd596f9a000-7fd596f9b000 rw-p 00007000 08:02 12063597                   /lib/x86_64-linux-gnu/librt-2.23.so
7fd596f9b000-7fd5970a3000 r-xp 00000000 08:02 12063513                   /lib/x86_64-linux-gnu/libm-2.23.so
7fd5970a3000-7fd5972a2000 ---p 00108000 08:02 12063513                   /lib/x86_64-linux-gnu/libm-2.23.so
7fd5972a2000-7fd5972a3000 r--p 00107000 08:02 12063513                   /lib/x86_64-linux-gnu/libm-2.23.so
7fd5972a3000-7fd5972a4000 rw-p 00108000 08:02 12063513                   /lib/x86_64-linux-gnu/libm-2.23.so
7fd5972a4000-7fd597ee1000 r-xp 00000000 08:02 6685615                    /home/jay/openjdk/jdk8/build/linux-x86_64-normal-server-release/jdk/lib/amd64/server/libjvm.so
7fd597ee1000-7fd5980e0000 ---p 00c3d000 08:02 6685615                    /home/jay/openjdk/jdk8/build/linux-x86_64-normal-server-release/jdk/lib/amd64/server/libjvm.so
7fd5980e0000-7fd598175000 r--p 00c3c000 08:02 6685615                    /home/jay/openjdk/jdk8/build/linux-x86_64-normal-server-release/jdk/lib/amd64/server/libjvm.so
7fd598175000-7fd59819e000 rw-p 00cd1000 08:02 6685615                    /home/jay/openjdk/jdk8/build/linux-x86_64-normal-server-release/jdk/lib/amd64/server/libjvm.so
7fd59819e000-7fd5981ce000 rw-p 00000000 00:00 0 
7fd5981ce000-7fd5981e6000 r-xp 00000000 08:02 12063589                   /lib/x86_64-linux-gnu/libpthread-2.23.so
7fd5981e6000-7fd5983e5000 ---p 00018000 08:02 12063589                   /lib/x86_64-linux-gnu/libpthread-2.23.so
7fd5983e5000-7fd5983e6000 r--p 00017000 08:02 12063589                   /lib/x86_64-linux-gnu/libpthread-2.23.so
7fd5983e6000-7fd5983e7000 rw-p 00018000 08:02 12063589                   /lib/x86_64-linux-gnu/libpthread-2.23.so
7fd5983e7000-7fd5983eb000 rw-p 00000000 00:00 0 
7fd5983eb000-7fd5983ee000 r-xp 00000000 08:02 12063467                   /lib/x86_64-linux-gnu/libdl-2.23.so
7fd5983ee000-7fd5985ed000 ---p 00003000 08:02 12063467                   /lib/x86_64-linux-gnu/libdl-2.23.so
7fd5985ed000-7fd5985ee000 r--p 00002000 08:02 12063467                   /lib/x86_64-linux-gnu/libdl-2.23.so
7fd5985ee000-7fd5985ef000 rw-p 00003000 08:02 12063467                   /lib/x86_64-linux-gnu/libdl-2.23.so
7fd5985ef000-7fd5987af000 r-xp 00000000 08:02 12063443                   /lib/x86_64-linux-gnu/libc-2.23.so
7fd5987af000-7fd5989af000 ---p 001c0000 08:02 12063443                   /lib/x86_64-linux-gnu/libc-2.23.so
7fd5989af000-7fd5989b3000 r--p 001c0000 08:02 12063443                   /lib/x86_64-linux-gnu/libc-2.23.so
7fd5989b3000-7fd5989b5000 rw-p 001c4000 08:02 12063443                   /lib/x86_64-linux-gnu/libc-2.23.so
7fd5989b5000-7fd5989b9000 rw-p 00000000 00:00 0 
7fd5989b9000-7fd5989d0000 r-xp 00000000 08:02 6696452                    /home/jay/openjdk/jdk8/build/linux-x86_64-normal-server-release/jdk/lib/amd64/jli/libjli.so
7fd5989d0000-7fd598bcf000 ---p 00017000 08:02 6696452                    /home/jay/openjdk/jdk8/build/linux-x86_64-normal-server-release/jdk/lib/amd64/jli/libjli.so
7fd598bcf000-7fd598bd0000 r--p 00016000 08:02 6696452                    /home/jay/openjdk/jdk8/build/linux-x86_64-normal-server-release/jdk/lib/amd64/jli/libjli.so
7fd598bd0000-7fd598bd1000 rw-p 00017000 08:02 6696452                    /home/jay/openjdk/jdk8/build/linux-x86_64-normal-server-release/jdk/lib/amd64/jli/libjli.so
7fd598bd1000-7fd598bf7000 r-xp 00000000 08:02 12063415                   /lib/x86_64-linux-gnu/ld-2.23.so
7fd598c08000-7fd598cd9000 rw-p 00000000 00:00 0 
7fd598cd9000-7fd598cdc000 ---p 00000000 00:00 0 
7fd598cdc000-7fd598dde000 rw-p 00000000 00:00 0 
7fd598de9000-7fd598deb000 r--s 00016000 08:02 6696514                    /home/jay/openjdk/jdk8/build/linux-x86_64-normal-server-release/jdk/lib/jce.jar
7fd598deb000-7fd598df3000 rw-s 00000000 08:02 8133875                    /tmp/hsperfdata_jay/4423
7fd598df3000-7fd598df4000 rw-p 00000000 00:00 0 
7fd598df4000-7fd598df5000 r--p 00000000 00:00 0 
7fd598df5000-7fd598df6000 rw-p 00000000 00:00 0 
7fd598df6000-7fd598df7000 r--p 00025000 08:02 12063415                   /lib/x86_64-linux-gnu/ld-2.23.so
7fd598df7000-7fd598df8000 rw-p 00026000 08:02 12063415                   /lib/x86_64-linux-gnu/ld-2.23.so
7fd598df8000-7fd598df9000 rw-p 00000000 00:00 0 
7ffdb7176000-7ffdb7198000 rw-p 00000000 00:00 0                          [stack]
7ffdb719b000-7ffdb719e000 r--p 00000000 00:00 0                          [vvar]
7ffdb719e000-7ffdb71a0000 r-xp 00000000 00:00 0                          [vdso]
ffffffffff600000-ffffffffff601000 r-xp 00000000 00:00 0                  [vsyscall]

VM Arguments:
java_command: com.test.Main
java_class_path (initial): .
Launcher Type: SUN_STANDARD

Environment Variables:
PATH=/home/jay/bin:/home/jay/.local/bin:/usr/local/sbin:/usr/local/bin:/usr/sbin:/usr/bin:/sbin:/bin:/usr/games:/usr/local/games:/snap/bin
SHELL=/bin/bash
DISPLAY=:0

Signal Handlers:
SIGSEGV: [libjvm.so+0xa3f030], sa_mask[0]=11111111011111111101111111111110, sa_flags=SA_RESTART|SA_SIGINFO
SIGBUS: [libjvm.so+0xa3f030], sa_mask[0]=11111111011111111101111111111110, sa_flags=SA_RESTART|SA_SIGINFO
SIGFPE: [libjvm.so+0x890820], sa_mask[0]=11111111011111111101111111111110, sa_flags=SA_RESTART|SA_SIGINFO
SIGPIPE: [libjvm.so+0x890820], sa_mask[0]=11111111011111111101111111111110, sa_flags=SA_RESTART|SA_SIGINFO
SIGXFSZ: [libjvm.so+0x890820], sa_mask[0]=11111111011111111101111111111110, sa_flags=SA_RESTART|SA_SIGINFO
SIGILL: [libjvm.so+0x890820], sa_mask[0]=11111111011111111101111111111110, sa_flags=SA_RESTART|SA_SIGINFO
SIGUSR1: SIG_DFL, sa_mask[0]=00000000000000000000000000000000, sa_flags=none
SIGUSR2: [libjvm.so+0x8906f0], sa_mask[0]=00100000000000000000000000000000, sa_flags=SA_RESTART|SA_SIGINFO
SIGHUP: SIG_DFL, sa_mask[0]=00000000000000000000000000000000, sa_flags=none
SIGINT: SIG_DFL, sa_mask[0]=00000000000000000000000000000000, sa_flags=none
SIGTERM: SIG_DFL, sa_mask[0]=00000000000000000000000000000000, sa_flags=none
SIGQUIT: SIG_DFL, sa_mask[0]=00000000000000000000000000000000, sa_flags=none


---------------  S Y S T E M  ---------------

OS:DISTRIB_ID=Ubuntu
DISTRIB_RELEASE=16.04
DISTRIB_CODENAME=xenial
DISTRIB_DESCRIPTION="Ubuntu 16.04.6 LTS"

uname:Linux 4.15.0-52-generic #56~16.04.1-Ubuntu SMP Thu Jun 6 12:03:31 UTC 2019 x86_64
libc:glibc 2.23 NPTL 2.23 
rlimit: STACK 8192k, CORE 0k, NPROC 63191, NOFILE 1048576, AS infinity
load average:0.77 0.48 0.38

/proc/meminfo:
MemTotal:       16329568 kB
MemFree:         1656968 kB
MemAvailable:   11043588 kB
Buffers:          621716 kB
Cached:          8653032 kB
SwapCached:            0 kB
Active:          8537728 kB
Inactive:        4933832 kB
Active(anon):    4045464 kB
Inactive(anon):   383984 kB
Active(file):    4492264 kB
Inactive(file):  4549848 kB
Unevictable:          48 kB
Mlocked:              48 kB
SwapTotal:      16680956 kB
SwapFree:       16680956 kB
Dirty:            260608 kB
Writeback:             0 kB
AnonPages:       4196960 kB
Mapped:           609120 kB
Shmem:            232648 kB
Slab:             763480 kB
SReclaimable:     689080 kB
SUnreclaim:        74400 kB
KernelStack:       16920 kB
PageTables:        62956 kB
NFS_Unstable:          0 kB
Bounce:                0 kB
WritebackTmp:          0 kB
CommitLimit:    24845740 kB
Committed_AS:   12077928 kB
VmallocTotal:   34359738367 kB
VmallocUsed:           0 kB
VmallocChunk:          0 kB
HardwareCorrupted:     0 kB
AnonHugePages:         0 kB
ShmemHugePages:        0 kB
ShmemPmdMapped:        0 kB
CmaTotal:              0 kB
CmaFree:               0 kB
HugePages_Total:       0
HugePages_Free:        0
HugePages_Rsvd:        0
HugePages_Surp:        0
Hugepagesize:       2048 kB
DirectMap4k:      696884 kB
DirectMap2M:    10741760 kB
DirectMap1G:     5242880 kB

container (cgroup) information:
container_type: cgroupv1
cpu_cpuset_cpus: 0-7
cpu_memory_nodes: 0
active_processor_count: 8
cpu_quota: -1
cpu_period: 100000
cpu_shares: -1
memory_limit_in_bytes: -1
memory_and_swap_limit_in_bytes: -2
memory_soft_limit_in_bytes: -1
memory_usage_in_bytes: 13795389440
memory_max_usage_in_bytes: 77959168


CPU:total 8 (initial active 8) (4 cores per cpu, 2 threads per core) family 6 model 94 stepping 3, cmov, cx8, fxsr, mmx, sse, sse2, sse3, ssse3, sse4.1, sse4.2, popcnt, avx, avx2, aes, clmul, erms, rtm, 3dnowpref, lzcnt, ht, tsc, tscinvbit, bmi1, bmi2, adx

/proc/cpuinfo:
processor	: 0
vendor_id	: GenuineIntel
cpu family	: 6
model		: 94
model name	: Intel(R) Core(TM) i7-6820HQ CPU @ 2.70GHz
stepping	: 3
microcode	: 0xc6
cpu MHz		: 2545.512
cache size	: 8192 KB
physical id	: 0
siblings	: 8
core id		: 0
cpu cores	: 4
apicid		: 0
initial apicid	: 0
fpu		: yes
fpu_exception	: yes
cpuid level	: 22
wp		: yes
flags		: fpu vme de pse tsc msr pae mce cx8 apic sep mtrr pge mca cmov pat pse36 clflush dts acpi mmx fxsr sse sse2 ss ht tm pbe syscall nx pdpe1gb rdtscp lm constant_tsc art arch_perfmon pebs bts rep_good nopl xtopology nonstop_tsc cpuid aperfmperf tsc_known_freq pni pclmulqdq dtes64 monitor ds_cpl vmx smx est tm2 ssse3 sdbg fma cx16 xtpr pdcm pcid sse4_1 sse4_2 x2apic movbe popcnt tsc_deadline_timer aes xsave avx f16c rdrand lahf_lm abm 3dnowprefetch cpuid_fault epb invpcid_single pti ssbd ibrs ibpb stibp tpr_shadow vnmi flexpriority ept vpid fsgsbase tsc_adjust bmi1 hle avx2 smep bmi2 erms invpcid rtm mpx rdseed adx smap clflushopt intel_pt xsaveopt xsavec xgetbv1 xsaves dtherm ida arat pln pts hwp hwp_notify hwp_act_window hwp_epp flush_l1d
bugs		: cpu_meltdown spectre_v1 spectre_v2 spec_store_bypass l1tf mds
bogomips	: 5424.00
clflush size	: 64
cache_alignment	: 64
address sizes	: 39 bits physical, 48 bits virtual
power management:

processor	: 1
vendor_id	: GenuineIntel
cpu family	: 6
model		: 94
model name	: Intel(R) Core(TM) i7-6820HQ CPU @ 2.70GHz
stepping	: 3
microcode	: 0xc6
cpu MHz		: 3100.152
cache size	: 8192 KB
physical id	: 0
siblings	: 8
core id		: 1
cpu cores	: 4
apicid		: 2
initial apicid	: 2
fpu		: yes
fpu_exception	: yes
cpuid level	: 22
wp		: yes
flags		: fpu vme de pse tsc msr pae mce cx8 apic sep mtrr pge mca cmov pat pse36 clflush dts acpi mmx fxsr sse sse2 ss ht tm pbe syscall nx pdpe1gb rdtscp lm constant_tsc art arch_perfmon pebs bts rep_good nopl xtopology nonstop_tsc cpuid aperfmperf tsc_known_freq pni pclmulqdq dtes64 monitor ds_cpl vmx smx est tm2 ssse3 sdbg fma cx16 xtpr pdcm pcid sse4_1 sse4_2 x2apic movbe popcnt tsc_deadline_timer aes xsave avx f16c rdrand lahf_lm abm 3dnowprefetch cpuid_fault epb invpcid_single pti ssbd ibrs ibpb stibp tpr_shadow vnmi flexpriority ept vpid fsgsbase tsc_adjust bmi1 hle avx2 smep bmi2 erms invpcid rtm mpx rdseed adx smap clflushopt intel_pt xsaveopt xsavec xgetbv1 xsaves dtherm ida arat pln pts hwp hwp_notify hwp_act_window hwp_epp flush_l1d
bugs		: cpu_meltdown spectre_v1 spectre_v2 spec_store_bypass l1tf mds
bogomips	: 5424.00
clflush size	: 64
cache_alignment	: 64
address sizes	: 39 bits physical, 48 bits virtual
power management:

processor	: 2
vendor_id	: GenuineIntel
cpu family	: 6
model		: 94
model name	: Intel(R) Core(TM) i7-6820HQ CPU @ 2.70GHz
stepping	: 3
microcode	: 0xc6
cpu MHz		: 2959.161
cache size	: 8192 KB
physical id	: 0
siblings	: 8
core id		: 2
cpu cores	: 4
apicid		: 4
initial apicid	: 4
fpu		: yes
fpu_exception	: yes
cpuid level	: 22
wp		: yes
flags		: fpu vme de pse tsc msr pae mce cx8 apic sep mtrr pge mca cmov pat pse36 clflush dts acpi mmx fxsr sse sse2 ss ht tm pbe syscall nx pdpe1gb rdtscp lm constant_tsc art arch_perfmon pebs bts rep_good nopl xtopology nonstop_tsc cpuid aperfmperf tsc_known_freq pni pclmulqdq dtes64 monitor ds_cpl vmx smx est tm2 ssse3 sdbg fma cx16 xtpr pdcm pcid sse4_1 sse4_2 x2apic movbe popcnt tsc_deadline_timer aes xsave avx f16c rdrand lahf_lm abm 3dnowprefetch cpuid_fault epb invpcid_single pti ssbd ibrs ibpb stibp tpr_shadow vnmi flexpriority ept vpid fsgsbase tsc_adjust bmi1 hle avx2 smep bmi2 erms invpcid rtm mpx rdseed adx smap clflushopt intel_pt xsaveopt xsavec xgetbv1 xsaves dtherm ida arat pln pts hwp hwp_notify hwp_act_window hwp_epp flush_l1d
bugs		: cpu_meltdown spectre_v1 spectre_v2 spec_store_bypass l1tf mds
bogomips	: 5424.00
clflush size	: 64
cache_alignment	: 64
address sizes	: 39 bits physical, 48 bits virtual
power management:

processor	: 3
vendor_id	: GenuineIntel
cpu family	: 6
model		: 94
model name	: Intel(R) Core(TM) i7-6820HQ CPU @ 2.70GHz
stepping	: 3
microcode	: 0xc6
cpu MHz		: 2528.978
cache size	: 8192 KB
physical id	: 0
siblings	: 8
core id		: 3
cpu cores	: 4
apicid		: 6
initial apicid	: 6
fpu		: yes
fpu_exception	: yes
cpuid level	: 22
wp		: yes
flags		: fpu vme de pse tsc msr pae mce cx8 apic sep mtrr pge mca cmov pat pse36 clflush dts acpi mmx fxsr sse sse2 ss ht tm pbe syscall nx pdpe1gb rdtscp lm constant_tsc art arch_perfmon pebs bts rep_good nopl xtopology nonstop_tsc cpuid aperfmperf tsc_known_freq pni pclmulqdq dtes64 monitor ds_cpl vmx smx est tm2 ssse3 sdbg fma cx16 xtpr pdcm pcid sse4_1 sse4_2 x2apic movbe popcnt tsc_deadline_timer aes xsave avx f16c rdrand lahf_lm abm 3dnowprefetch cpuid_fault epb invpcid_single pti ssbd ibrs ibpb stibp tpr_shadow vnmi flexpriority ept vpid fsgsbase tsc_adjust bmi1 hle avx2 smep bmi2 erms invpcid rtm mpx rdseed adx smap clflushopt intel_pt xsaveopt xsavec xgetbv1 xsaves dtherm ida arat pln pts hwp hwp_notify hwp_act_window hwp_epp flush_l1d
bugs		: cpu_meltdown spectre_v1 spectre_v2 spec_store_bypass l1tf mds
bogomips	: 5424.00
clflush size	: 64
cache_alignment	: 64
address sizes	: 39 bits physical, 48 bits virtual
power management:

processor	: 4
vendor_id	: GenuineIntel
cpu family	: 6
model		: 94
model name	: Intel(R) Core(TM) i7-6820HQ CPU @ 2.70GHz
stepping	: 3
microcode	: 0xc6
cpu MHz		: 3074.019
cache size	: 8192 KB
physical id	: 0
siblings	: 8
core id		: 0
cpu cores	: 4
apicid		: 1
initial apicid	: 1
fpu		: yes
fpu_exception	: yes
cpuid level	: 22
wp		: yes
flags		: fpu vme de pse tsc msr pae mce cx8 apic sep mtrr pge mca cmov pat pse36 clflush dts acpi mmx fxsr sse sse2 ss ht tm pbe syscall nx pdpe1gb rdtscp lm constant_tsc art arch_perfmon pebs bts rep_good nopl xtopology nonstop_tsc cpuid aperfmperf tsc_known_freq pni pclmulqdq dtes64 monitor ds_cpl vmx smx est tm2 ssse3 sdbg fma cx16 xtpr pdcm pcid sse4_1 sse4_2 x2apic movbe popcnt tsc_deadline_timer aes xsave avx f16c rdrand lahf_lm abm 3dnowprefetch cpuid_fault epb invpcid_single pti ssbd ibrs ibpb stibp tpr_shadow vnmi flexpriority ept vpid fsgsbase tsc_adjust bmi1 hle avx2 smep bmi2 erms invpcid rtm mpx rdseed adx smap clflushopt intel_pt xsaveopt xsavec xgetbv1 xsaves dtherm ida arat pln pts hwp hwp_notify hwp_act_window hwp_epp flush_l1d
bugs		: cpu_meltdown spectre_v1 spectre_v2 spec_store_bypass l1tf mds
bogomips	: 5424.00
clflush size	: 64
cache_alignment	: 64
address sizes	: 39 bits physical, 48 bits virtual
power management:

processor	: 5
vendor_id	: GenuineIntel
cpu family	: 6
model		: 94
model name	: Intel(R) Core(TM) i7-6820HQ CPU @ 2.70GHz
stepping	: 3
microcode	: 0xc6
cpu MHz		: 3100.089
cache size	: 8192 KB
physical id	: 0
siblings	: 8
core id		: 1
cpu cores	: 4
apicid		: 3
initial apicid	: 3
fpu		: yes
fpu_exception	: yes
cpuid level	: 22
wp		: yes
flags		: fpu vme de pse tsc msr pae mce cx8 apic sep mtrr pge mca cmov pat pse36 clflush dts acpi mmx fxsr sse sse2 ss ht tm pbe syscall nx pdpe1gb rdtscp lm constant_tsc art arch_perfmon pebs bts rep_good nopl xtopology nonstop_tsc cpuid aperfmperf tsc_known_freq pni pclmulqdq dtes64 monitor ds_cpl vmx smx est tm2 ssse3 sdbg fma cx16 xtpr pdcm pcid sse4_1 sse4_2 x2apic movbe popcnt tsc_deadline_timer aes xsave avx f16c rdrand lahf_lm abm 3dnowprefetch cpuid_fault epb invpcid_single pti ssbd ibrs ibpb stibp tpr_shadow vnmi flexpriority ept vpid fsgsbase tsc_adjust bmi1 hle avx2 smep bmi2 erms invpcid rtm mpx rdseed adx smap clflushopt intel_pt xsaveopt xsavec xgetbv1 xsaves dtherm ida arat pln pts hwp hwp_notify hwp_act_window hwp_epp flush_l1d
bugs		: cpu_meltdown spectre_v1 spectre_v2 spec_store_bypass l1tf mds
bogomips	: 5424.00
clflush size	: 64
cache_alignment	: 64
address sizes	: 39 bits physical, 48 bits virtual
power management:

processor	: 6
vendor_id	: GenuineIntel
cpu family	: 6
model		: 94
model name	: Intel(R) Core(TM) i7-6820HQ CPU @ 2.70GHz
stepping	: 3
microcode	: 0xc6
cpu MHz		: 3033.685
cache size	: 8192 KB
physical id	: 0
siblings	: 8
core id		: 2
cpu cores	: 4
apicid		: 5
initial apicid	: 5
fpu		: yes
fpu_exception	: yes
cpuid level	: 22
wp		: yes
flags		: fpu vme de pse tsc msr pae mce cx8 apic sep mtrr pge mca cmov pat pse36 clflush dts acpi mmx fxsr sse sse2 ss ht tm pbe syscall nx pdpe1gb rdtscp lm constant_tsc art arch_perfmon pebs bts rep_good nopl xtopology nonstop_tsc cpuid aperfmperf tsc_known_freq pni pclmulqdq dtes64 monitor ds_cpl vmx smx est tm2 ssse3 sdbg fma cx16 xtpr pdcm pcid sse4_1 sse4_2 x2apic movbe popcnt tsc_deadline_timer aes xsave avx f16c rdrand lahf_lm abm 3dnowprefetch cpuid_fault epb invpcid_single pti ssbd ibrs ibpb stibp tpr_shadow vnmi flexpriority ept vpid fsgsbase tsc_adjust bmi1 hle avx2 smep bmi2 erms invpcid rtm mpx rdseed adx smap clflushopt intel_pt xsaveopt xsavec xgetbv1 xsaves dtherm ida arat pln pts hwp hwp_notify hwp_act_window hwp_epp flush_l1d
bugs		: cpu_meltdown spectre_v1 spectre_v2 spec_store_bypass l1tf mds
bogomips	: 5424.00
clflush size	: 64
cache_alignment	: 64
address sizes	: 39 bits physical, 48 bits virtual
power management:

processor	: 7
vendor_id	: GenuineIntel
cpu family	: 6
model		: 94
model name	: Intel(R) Core(TM) i7-6820HQ CPU @ 2.70GHz
stepping	: 3
microcode	: 0xc6
cpu MHz		: 3100.364
cache size	: 8192 KB
physical id	: 0
siblings	: 8
core id		: 3
cpu cores	: 4
apicid		: 7
initial apicid	: 7
fpu		: yes
fpu_exception	: yes
cpuid level	: 22
wp		: yes
flags		: fpu vme de pse tsc msr pae mce cx8 apic sep mtrr pge mca cmov pat pse36 clflush dts acpi mmx fxsr sse sse2 ss ht tm pbe syscall nx pdpe1gb rdtscp lm constant_tsc art arch_perfmon pebs bts rep_good nopl xtopology nonstop_tsc cpuid aperfmperf tsc_known_freq pni pclmulqdq dtes64 monitor ds_cpl vmx smx est tm2 ssse3 sdbg fma cx16 xtpr pdcm pcid sse4_1 sse4_2 x2apic movbe popcnt tsc_deadline_timer aes xsave avx f16c rdrand lahf_lm abm 3dnowprefetch cpuid_fault epb invpcid_single pti ssbd ibrs ibpb stibp tpr_shadow vnmi flexpriority ept vpid fsgsbase tsc_adjust bmi1 hle avx2 smep bmi2 erms invpcid rtm mpx rdseed adx smap clflushopt intel_pt xsaveopt xsavec xgetbv1 xsaves dtherm ida arat pln pts hwp hwp_notify hwp_act_window hwp_epp flush_l1d
bugs		: cpu_meltdown spectre_v1 spectre_v2 spec_store_bypass l1tf mds
bogomips	: 5424.00
clflush size	: 64
cache_alignment	: 64
address sizes	: 39 bits physical, 48 bits virtual
power management:



Memory: 4k page, physical 16329568k(1656844k free), swap 16680956k(16680956k free)

vm_info: OpenJDK 64-Bit Server VM (25.71-b00) for linux-amd64 JRE (1.8.0-internal-jay_2019_06_26_13_23-b00), built on Jun 28 2019 13:04:23 by "jay" with gcc 5.4.0 20160609

time: Fri Jun 28 13:04:52 2019
timezone: PDT
elapsed time: 0 seconds (0d 0h 0m 0s)

