#
# A fatal error has been detected by the Java Runtime Environment:
#
#  SIGSEGV (0xb) at pc=0x0000000000000000, pid=16562, tid=0x00007f81b80ba700
#
# JRE version:  (8.0_212-b03) (build )
# Java VM: OpenJDK 64-Bit Server VM (25.212-b03 mixed mode linux-amd64 compressed oops)
# Problematic frame:
# C  0x0000000000000000
#
# Failed to write core dump. Core dumps have been disabled. To enable core dumping, try "ulimit -c unlimited" before starting Java again
#
# If you would like to submit a bug report, please visit:
#   http://bugreport.java.com/bugreport/crash.jsp
#

---------------  T H R E A D  ---------------

Current thread (0x00007f81b000c000):  JavaThread "Unknown thread" [_thread_in_Java, id=16563, stack(0x00007f81b7fba000,0x00007f81b80bb000)]

siginfo: si_signo: 11 (SIGSEGV), si_code: 1 (SEGV_MAPERR), si_addr: 0x0000000000000000

Registers:
RAX=0x0000000000000000, RBX=0x00007f819ed44680, RCX=0x000000076cf00d10, RDX=0x0000000010500001
RSP=0x00007f81b80b8ea0, RBP=0x00007f81b80b8ef0, RSI=0x0000000000000003, RDI=0x00007f81b000c000
R8 =0x00007f819ed44680, R9 =0x0000000000000004, R10=0x00007f81b7295b40, R11=0x0000000000000006
R12=0x0000000000000000, R13=0x00007f81b80b8ea8, R14=0x00007f81b80b8ef8, R15=0x00007f81b000c000
RIP=0x0000000000000000, EFLAGS=0x0000000000010246, CSGSFS=0x002b000000000033, ERR=0x0000000000000014
  TRAPNO=0x000000000000000e

Top of Stack: (sp=0x00007f81b80b8ea0)
0x00007f81b80b8ea0:   00007f81a10077d0 000000076cf00d10
0x00007f81b80b8eb0:   00007f81b80b8eb0 00007f819ed5125a
0x00007f81b80b8ec0:   00007f81b80b8ef8 00007f819ede8f40
0x00007f81b80b8ed0:   0000000000000000 00007f819ed51298
0x00007f81b80b8ee0:   00007f81b80b8ea8 00007f81b80b8f00
0x00007f81b80b8ef0:   00007f81b80b8f60 00007f81a10004e7
0x00007f81b80b8f00:   0000000000001fa0 00007f819ed51298
0x00007f81b80b8f10:   00007f81b80b90c0 00007f81b80b9000
0x00007f81b80b8f20:   00007f81b000c000 00007f81b000c000
0x00007f81b80b8f30:   00007f81b80b9000 00007f81b80b90a8
0x00007f81b80b8f40:   00007f810000000a 00007f819ed51298
0x00007f81b80b8f50:   00007f81a1013340 00007f81b80b90c8
0x00007f81b80b8f60:   00007f81b80b9080 00007f81b69b89eb
0x00007f81b80b8f70:   0000000000000000 00007f81b000c000
0x00007f81b80b8f80:   00000007c0000ea8 00007f81b80b8fd0
0x00007f81b80b8f90:   00007f81b80b8fc0 000000070000000a
0x00007f81b80b8fa0:   00007f81a1013340 00007f810000000e
0x00007f81b80b8fb0:   0000000000000000 00007f81b80b90a0
0x00007f81b80b8fc0:   00007f81b000c000 00007f81b0009630
0x00007f81b80b8fd0:   00007f81b0009670 00007f81b00096b0
0x00007f81b80b8fe0:   00007f81b0009758 00000000000000d8
0x00007f81b80b8ff0:   00007f81b80b92c0 00007f81b000c6a0
0x00007f81b80b9000:   00007f81b000c000 00007f81b0051890
0x00007f81b80b9010:   00007f819ed51298 0000000000000000
0x00007f81b80b9020:   0000000000000000 0000000000000000
0x00007f81b80b9030:   0000000000000000 00007f81b80b90a0
0x00007f81b80b9040:   00007f81b80b9190 f392c13dc8228e00
0x00007f81b80b9050:   00007f81b000c000 00007f81b000c000
0x00007f81b80b9060:   00007f81b80b90b0 00007f81b80b90c0
0x00007f81b80b9070:   00007f81b80b9090 0000000000000000
0x00007f81b80b9080:   00007f81b80b9160 00007f81b6977145
0x00007f81b80b9090:   00007f819ed51298 00007f81b000c000 

Instructions: (pc=0x0000000000000000)
0xffffffffffffffe0:   

Register to memory mapping:

RAX=0x0000000000000000 is an unknown value
RBX={method} {0x00007f819ed44680} 'desiredAssertionStatus' '()Z' in 'java/lang/Class'
RCX=0x000000076cf00d10 is an oop
java.lang.Class 
 - klass: 'java/lang/Class'
RDX=0x0000000010500001 is an unknown value
RSP=0x00007f81b80b8ea0 is pointing into the stack for thread: 0x00007f81b000c000
RBP=0x00007f81b80b8ef0 is pointing into the stack for thread: 0x00007f81b000c000
RSI=0x0000000000000003 is an unknown value
RDI=0x00007f81b000c000 is a thread
R8 ={method} {0x00007f819ed44680} 'desiredAssertionStatus' '()Z' in 'java/lang/Class'
R9 =0x0000000000000004 is an unknown value
R10=0x00007f81b7295b40: <offset 0xf44b40> in /usr/lib/jvm/java-8-openjdk-amd64/jre/lib/amd64/server/libjvm.so at 0x00007f81b6351000
R11=0x0000000000000006 is an unknown value
R12=0x0000000000000000 is an unknown value
R13=0x00007f81b80b8ea8 is pointing into the stack for thread: 0x00007f81b000c000
R14=0x00007f81b80b8ef8 is pointing into the stack for thread: 0x00007f81b000c000
R15=0x00007f81b000c000 is a thread


Stack: [0x00007f81b7fba000,0x00007f81b80bb000],  sp=0x00007f81b80b8ea0,  free space=1019k

---------------  P R O C E S S  ---------------

Java Threads: ( => current thread )
=>0x00007f81b000c000 JavaThread "Unknown thread" [_thread_in_Java, id=16563, stack(0x00007f81b7fba000,0x00007f81b80bb000)]

Other Threads:
  0x00007f81b00d0000 VMThread [stack: 0x00007f819cda9000,0x00007f819ceaa000] [id=16572]

VM state:not at safepoint (normal execution)

VM Mutex/Monitor currently owned by a thread: None

heap address: 0x00000006c6c00000, size: 3988 MB, Compressed Oops mode: Zero based, Oop shift amount: 3
Narrow klass base: 0x0000000000000000, Narrow klass shift: 3
Compressed class space size: 1073741824 Address: 0x00000007c0000000

Heap:
 PSYoungGen      total 74752K, used 1290K [0x000000076cf00000, 0x0000000772200000, 0x00000007c0000000)
  eden space 64512K, 2% used [0x000000076cf00000,0x000000076d042900,0x0000000770e00000)
  from space 10240K, 0% used [0x0000000771800000,0x0000000771800000,0x0000000772200000)
  to   space 10240K, 0% used [0x0000000770e00000,0x0000000770e00000,0x0000000771800000)
 ParOldGen       total 171008K, used 0K [0x00000006c6c00000, 0x00000006d1300000, 0x000000076cf00000)
  object space 171008K, 0% used [0x00000006c6c00000,0x00000006c6c00000,0x00000006d1300000)
 Metaspace       used 817K, capacity 4480K, committed 4480K, reserved 1056768K
  class space    used 74K, capacity 384K, committed 384K, reserved 1048576K

Card table byte_map: [0x00007f81a0835000,0x00007f81a1000000] byte_map_base: 0x00007f819d1ff000

Marking Bits: (ParMarkBitMap*) 0x00007f81b7284580
 Begin Bits: [0x00007f816c360000, 0x00007f81701b0000)
 End Bits:   [0x00007f81701b0000, 0x00007f8174000000)

Polling page: 0x00007f81b80d7000

CodeCache: size=245760Kb used=384Kb max_used=384Kb free=245375Kb
 bounds [0x00007f81a1000000, 0x00007f81a1270000, 0x00007f81b0000000]
 total_blobs=62 nmethods=0 adapters=38
 compilation: enabled

Compilation events (0 events):
No events

GC Heap History (0 events):
No events

Deoptimization events (0 events):
No events

Classes redefined (0 events):
No events

Internal exceptions (0 events):
No events

Events (10 events):
Event: 0.016 loading class java/lang/Integer done
Event: 0.016 loading class java/lang/Long
Event: 0.016 loading class java/lang/Long done
Event: 0.016 loading class java/lang/NullPointerException
Event: 0.016 loading class java/lang/NullPointerException done
Event: 0.016 loading class java/lang/ArithmeticException
Event: 0.016 loading class java/lang/ArithmeticException done
Event: 0.017 Thread 0x00007f81b000c000 Thread added: 0x00007f81b000c000
Event: 0.017 loading class Mtrace
Event: 0.017 loading class Mtrace done


Dynamic libraries:
00400000-00401000 r-xp 00000000 08:02 9832791                            /usr/lib/jvm/java-8-openjdk-amd64/jre/bin/java
00600000-00601000 r--p 00000000 08:02 9832791                            /usr/lib/jvm/java-8-openjdk-amd64/jre/bin/java
00601000-00602000 rw-p 00001000 08:02 9832791                            /usr/lib/jvm/java-8-openjdk-amd64/jre/bin/java
021f7000-02218000 rw-p 00000000 00:00 0                                  [heap]
6c6c00000-6d1300000 rw-p 00000000 00:00 0 
6d1300000-76cf00000 ---p 00000000 00:00 0 
76cf00000-772200000 rw-p 00000000 00:00 0 
772200000-7c0000000 ---p 00000000 00:00 0 
7c0000000-7c0060000 rw-p 00000000 00:00 0 
7c0060000-800000000 ---p 00000000 00:00 0 
7f8168000000-7f8168021000 rw-p 00000000 00:00 0 
7f8168021000-7f816c000000 ---p 00000000 00:00 0 
7f816c360000-7f8174000000 rw-p 00000000 00:00 0 
7f8174000000-7f8174021000 rw-p 00000000 00:00 0 
7f8174021000-7f8178000000 ---p 00000000 00:00 0 
7f8178000000-7f8178021000 rw-p 00000000 00:00 0 
7f8178021000-7f817c000000 ---p 00000000 00:00 0 
7f817c000000-7f817c021000 rw-p 00000000 00:00 0 
7f817c021000-7f8180000000 ---p 00000000 00:00 0 
7f8184000000-7f8184021000 rw-p 00000000 00:00 0 
7f8184021000-7f8188000000 ---p 00000000 00:00 0 
7f818c000000-7f818c021000 rw-p 00000000 00:00 0 
7f818c021000-7f8190000000 ---p 00000000 00:00 0 
7f8190000000-7f8190021000 rw-p 00000000 00:00 0 
7f8190021000-7f8194000000 ---p 00000000 00:00 0 
7f8194000000-7f8194021000 rw-p 00000000 00:00 0 
7f8194021000-7f8198000000 ---p 00000000 00:00 0 
7f8198000000-7f8198021000 rw-p 00000000 00:00 0 
7f8198021000-7f819c000000 ---p 00000000 00:00 0 
7f819cda9000-7f819cdaa000 ---p 00000000 00:00 0 
7f819cdaa000-7f819eaee000 rw-p 00000000 00:00 0 
7f819eaee000-7f819ecbd000 r--s 03c3b000 08:02 9832806                    /usr/lib/jvm/java-8-openjdk-amd64/jre/lib/rt.jar
7f819ecbd000-7f819f133000 rw-p 00000000 00:00 0 
7f819f133000-7f819f533000 ---p 00000000 00:00 0 
7f819f533000-7f819fcfd000 rw-p 00000000 00:00 0 
7f819fcfd000-7f819fcfe000 ---p 00000000 00:00 0 
7f819fcfe000-7f819fdfe000 rw-p 00000000 00:00 0 
7f819fdfe000-7f819fdff000 ---p 00000000 00:00 0 
7f819fdff000-7f819feff000 rw-p 00000000 00:00 0 
7f819feff000-7f819ff00000 ---p 00000000 00:00 0 
7f819ff00000-7f81a0000000 rw-p 00000000 00:00 0 
7f81a0000000-7f81a0001000 ---p 00000000 00:00 0 
7f81a0001000-7f81a0101000 rw-p 00000000 00:00 0 
7f81a0101000-7f81a0102000 ---p 00000000 00:00 0 
7f81a0102000-7f81a0202000 rw-p 00000000 00:00 0 
7f81a0202000-7f81a0203000 ---p 00000000 00:00 0 
7f81a0203000-7f81a0357000 rw-p 00000000 00:00 0 
7f81a0357000-7f81a0835000 ---p 00000000 00:00 0 
7f81a0835000-7f81a0889000 rw-p 00000000 00:00 0 
7f81a0889000-7f81a0d66000 ---p 00000000 00:00 0 
7f81a0d66000-7f81a0d90000 rw-p 00000000 00:00 0 
7f81a0d90000-7f81a0fff000 ---p 00000000 00:00 0 
7f81a0fff000-7f81a1000000 rw-p 00000000 00:00 0 
7f81a1000000-7f81a1270000 rwxp 00000000 00:00 0 
7f81a1270000-7f81b0000000 ---p 00000000 00:00 0 
7f81b0000000-7f81b00d2000 rw-p 00000000 00:00 0 
7f81b00d2000-7f81b4000000 ---p 00000000 00:00 0 
7f81b4004000-7f81b4052000 rw-p 00000000 00:00 0 
7f81b4052000-7f81b4053000 ---p 00000000 00:00 0 
7f81b4053000-7f81b4153000 rw-p 00000000 00:00 0 
7f81b4153000-7f81b4154000 ---p 00000000 00:00 0 
7f81b4154000-7f81b425e000 rw-p 00000000 00:00 0 
7f81b425e000-7f81b4614000 ---p 00000000 00:00 0 
7f81b4614000-7f81b461c000 r-xp 00000000 08:02 9965184                    /usr/lib/jvm/java-8-openjdk-amd64/jre/lib/amd64/libzip.so
7f81b461c000-7f81b481b000 ---p 00008000 08:02 9965184                    /usr/lib/jvm/java-8-openjdk-amd64/jre/lib/amd64/libzip.so
7f81b481b000-7f81b481c000 r--p 00007000 08:02 9965184                    /usr/lib/jvm/java-8-openjdk-amd64/jre/lib/amd64/libzip.so
7f81b481c000-7f81b481d000 rw-p 00008000 08:02 9965184                    /usr/lib/jvm/java-8-openjdk-amd64/jre/lib/amd64/libzip.so
7f81b481d000-7f81b4828000 r-xp 00000000 08:02 12063542                   /lib/x86_64-linux-gnu/libnss_files-2.23.so
7f81b4828000-7f81b4a27000 ---p 0000b000 08:02 12063542                   /lib/x86_64-linux-gnu/libnss_files-2.23.so
7f81b4a27000-7f81b4a28000 r--p 0000a000 08:02 12063542                   /lib/x86_64-linux-gnu/libnss_files-2.23.so
7f81b4a28000-7f81b4a29000 rw-p 0000b000 08:02 12063542                   /lib/x86_64-linux-gnu/libnss_files-2.23.so
7f81b4a29000-7f81b4a2f000 rw-p 00000000 00:00 0 
7f81b4a2f000-7f81b4a3a000 r-xp 00000000 08:02 12063552                   /lib/x86_64-linux-gnu/libnss_nis-2.23.so
7f81b4a3a000-7f81b4c39000 ---p 0000b000 08:02 12063552                   /lib/x86_64-linux-gnu/libnss_nis-2.23.so
7f81b4c39000-7f81b4c3a000 r--p 0000a000 08:02 12063552                   /lib/x86_64-linux-gnu/libnss_nis-2.23.so
7f81b4c3a000-7f81b4c3b000 rw-p 0000b000 08:02 12063552                   /lib/x86_64-linux-gnu/libnss_nis-2.23.so
7f81b4c3b000-7f81b4c51000 r-xp 00000000 08:02 12063536                   /lib/x86_64-linux-gnu/libnsl-2.23.so
7f81b4c51000-7f81b4e50000 ---p 00016000 08:02 12063536                   /lib/x86_64-linux-gnu/libnsl-2.23.so
7f81b4e50000-7f81b4e51000 r--p 00015000 08:02 12063536                   /lib/x86_64-linux-gnu/libnsl-2.23.so
7f81b4e51000-7f81b4e52000 rw-p 00016000 08:02 12063536                   /lib/x86_64-linux-gnu/libnsl-2.23.so
7f81b4e52000-7f81b4e54000 rw-p 00000000 00:00 0 
7f81b4e54000-7f81b4e5c000 r-xp 00000000 08:02 12063538                   /lib/x86_64-linux-gnu/libnss_compat-2.23.so
7f81b4e5c000-7f81b505b000 ---p 00008000 08:02 12063538                   /lib/x86_64-linux-gnu/libnss_compat-2.23.so
7f81b505b000-7f81b505c000 r--p 00007000 08:02 12063538                   /lib/x86_64-linux-gnu/libnss_compat-2.23.so
7f81b505c000-7f81b505d000 rw-p 00008000 08:02 12063538                   /lib/x86_64-linux-gnu/libnss_compat-2.23.so
7f81b505d000-7f81b5062000 r-xp 00000000 08:02 9965171                    /usr/lib/jvm/java-8-openjdk-amd64/jre/lib/amd64/libjava_crw_demo.so
7f81b5062000-7f81b5261000 ---p 00005000 08:02 9965171                    /usr/lib/jvm/java-8-openjdk-amd64/jre/lib/amd64/libjava_crw_demo.so
7f81b5261000-7f81b5262000 r--p 00004000 08:02 9965171                    /usr/lib/jvm/java-8-openjdk-amd64/jre/lib/amd64/libjava_crw_demo.so
7f81b5262000-7f81b5263000 rw-p 00005000 08:02 9965171                    /usr/lib/jvm/java-8-openjdk-amd64/jre/lib/amd64/libjava_crw_demo.so
7f81b5263000-7f81b5268000 r-xp 00000000 08:02 8388907                    /home/jay/openjdk/jdk8-jdk/src/share/demo/jvmti/mtrace/libmtrace.so
7f81b5268000-7f81b5467000 ---p 00005000 08:02 8388907                    /home/jay/openjdk/jdk8-jdk/src/share/demo/jvmti/mtrace/libmtrace.so
7f81b5467000-7f81b5468000 r--p 00004000 08:02 8388907                    /home/jay/openjdk/jdk8-jdk/src/share/demo/jvmti/mtrace/libmtrace.so
7f81b5468000-7f81b5469000 rw-p 00005000 08:02 8388907                    /home/jay/openjdk/jdk8-jdk/src/share/demo/jvmti/mtrace/libmtrace.so
7f81b5469000-7f81b5495000 r-xp 00000000 08:02 9965165                    /usr/lib/jvm/java-8-openjdk-amd64/jre/lib/amd64/libjava.so
7f81b5495000-7f81b5694000 ---p 0002c000 08:02 9965165                    /usr/lib/jvm/java-8-openjdk-amd64/jre/lib/amd64/libjava.so
7f81b5694000-7f81b5695000 r--p 0002b000 08:02 9965165                    /usr/lib/jvm/java-8-openjdk-amd64/jre/lib/amd64/libjava.so
7f81b5695000-7f81b5697000 rw-p 0002c000 08:02 9965165                    /usr/lib/jvm/java-8-openjdk-amd64/jre/lib/amd64/libjava.so
7f81b5697000-7f81b56a6000 r-xp 00000000 08:02 9965153                    /usr/lib/jvm/java-8-openjdk-amd64/jre/lib/amd64/libverify.so
7f81b56a6000-7f81b58a5000 ---p 0000f000 08:02 9965153                    /usr/lib/jvm/java-8-openjdk-amd64/jre/lib/amd64/libverify.so
7f81b58a5000-7f81b58a7000 r--p 0000e000 08:02 9965153                    /usr/lib/jvm/java-8-openjdk-amd64/jre/lib/amd64/libverify.so
7f81b58a7000-7f81b58a8000 rw-p 00010000 08:02 9965153                    /usr/lib/jvm/java-8-openjdk-amd64/jre/lib/amd64/libverify.so
7f81b58a8000-7f81b58af000 r-xp 00000000 08:02 12063597                   /lib/x86_64-linux-gnu/librt-2.23.so
7f81b58af000-7f81b5aae000 ---p 00007000 08:02 12063597                   /lib/x86_64-linux-gnu/librt-2.23.so
7f81b5aae000-7f81b5aaf000 r--p 00006000 08:02 12063597                   /lib/x86_64-linux-gnu/librt-2.23.so
7f81b5aaf000-7f81b5ab0000 rw-p 00007000 08:02 12063597                   /lib/x86_64-linux-gnu/librt-2.23.so
7f81b5ab0000-7f81b5ac6000 r-xp 00000000 08:02 12063481                   /lib/x86_64-linux-gnu/libgcc_s.so.1
7f81b5ac6000-7f81b5cc5000 ---p 00016000 08:02 12063481                   /lib/x86_64-linux-gnu/libgcc_s.so.1
7f81b5cc5000-7f81b5cc6000 rw-p 00015000 08:02 12063481                   /lib/x86_64-linux-gnu/libgcc_s.so.1
7f81b5cc6000-7f81b5dce000 r-xp 00000000 08:02 12063513                   /lib/x86_64-linux-gnu/libm-2.23.so
7f81b5dce000-7f81b5fcd000 ---p 00108000 08:02 12063513                   /lib/x86_64-linux-gnu/libm-2.23.so
7f81b5fcd000-7f81b5fce000 r--p 00107000 08:02 12063513                   /lib/x86_64-linux-gnu/libm-2.23.so
7f81b5fce000-7f81b5fcf000 rw-p 00108000 08:02 12063513                   /lib/x86_64-linux-gnu/libm-2.23.so
7f81b5fcf000-7f81b6141000 r-xp 00000000 08:02 7480225                    /usr/lib/x86_64-linux-gnu/libstdc++.so.6.0.21
7f81b6141000-7f81b6341000 ---p 00172000 08:02 7480225                    /usr/lib/x86_64-linux-gnu/libstdc++.so.6.0.21
7f81b6341000-7f81b634b000 r--p 00172000 08:02 7480225                    /usr/lib/x86_64-linux-gnu/libstdc++.so.6.0.21
7f81b634b000-7f81b634d000 rw-p 0017c000 08:02 7480225                    /usr/lib/x86_64-linux-gnu/libstdc++.so.6.0.21
7f81b634d000-7f81b6351000 rw-p 00000000 00:00 0 
7f81b6351000-7f81b6fb5000 r-xp 00000000 08:02 9965163                    /usr/lib/jvm/java-8-openjdk-amd64/jre/lib/amd64/server/libjvm.so
7f81b6fb5000-7f81b71b4000 ---p 00c64000 08:02 9965163                    /usr/lib/jvm/java-8-openjdk-amd64/jre/lib/amd64/server/libjvm.so
7f81b71b4000-7f81b7248000 r--p 00c63000 08:02 9965163                    /usr/lib/jvm/java-8-openjdk-amd64/jre/lib/amd64/server/libjvm.so
7f81b7248000-7f81b7271000 rw-p 00cf7000 08:02 9965163                    /usr/lib/jvm/java-8-openjdk-amd64/jre/lib/amd64/server/libjvm.so
7f81b7271000-7f81b72a1000 rw-p 00000000 00:00 0 
7f81b72a1000-7f81b72b9000 r-xp 00000000 08:02 12063589                   /lib/x86_64-linux-gnu/libpthread-2.23.so
7f81b72b9000-7f81b74b8000 ---p 00018000 08:02 12063589                   /lib/x86_64-linux-gnu/libpthread-2.23.so
7f81b74b8000-7f81b74b9000 r--p 00017000 08:02 12063589                   /lib/x86_64-linux-gnu/libpthread-2.23.so
7f81b74b9000-7f81b74ba000 rw-p 00018000 08:02 12063589                   /lib/x86_64-linux-gnu/libpthread-2.23.so
7f81b74ba000-7f81b74be000 rw-p 00000000 00:00 0 
7f81b74be000-7f81b74c1000 r-xp 00000000 08:02 12063467                   /lib/x86_64-linux-gnu/libdl-2.23.so
7f81b74c1000-7f81b76c0000 ---p 00003000 08:02 12063467                   /lib/x86_64-linux-gnu/libdl-2.23.so
7f81b76c0000-7f81b76c1000 r--p 00002000 08:02 12063467                   /lib/x86_64-linux-gnu/libdl-2.23.so
7f81b76c1000-7f81b76c2000 rw-p 00003000 08:02 12063467                   /lib/x86_64-linux-gnu/libdl-2.23.so
7f81b76c2000-7f81b76db000 r-xp 00000000 08:02 12063634                   /lib/x86_64-linux-gnu/libz.so.1.2.8
7f81b76db000-7f81b78da000 ---p 00019000 08:02 12063634                   /lib/x86_64-linux-gnu/libz.so.1.2.8
7f81b78da000-7f81b78db000 r--p 00018000 08:02 12063634                   /lib/x86_64-linux-gnu/libz.so.1.2.8
7f81b78db000-7f81b78dc000 rw-p 00019000 08:02 12063634                   /lib/x86_64-linux-gnu/libz.so.1.2.8
7f81b78dc000-7f81b7a9c000 r-xp 00000000 08:02 12063443                   /lib/x86_64-linux-gnu/libc-2.23.so
7f81b7a9c000-7f81b7c9c000 ---p 001c0000 08:02 12063443                   /lib/x86_64-linux-gnu/libc-2.23.so
7f81b7c9c000-7f81b7ca0000 r--p 001c0000 08:02 12063443                   /lib/x86_64-linux-gnu/libc-2.23.so
7f81b7ca0000-7f81b7ca2000 rw-p 001c4000 08:02 12063443                   /lib/x86_64-linux-gnu/libc-2.23.so
7f81b7ca2000-7f81b7ca6000 rw-p 00000000 00:00 0 
7f81b7ca6000-7f81b7cb3000 r-xp 00000000 08:02 9965183                    /usr/lib/jvm/java-8-openjdk-amd64/jre/lib/amd64/jli/libjli.so
7f81b7cb3000-7f81b7eb2000 ---p 0000d000 08:02 9965183                    /usr/lib/jvm/java-8-openjdk-amd64/jre/lib/amd64/jli/libjli.so
7f81b7eb2000-7f81b7eb3000 r--p 0000c000 08:02 9965183                    /usr/lib/jvm/java-8-openjdk-amd64/jre/lib/amd64/jli/libjli.so
7f81b7eb3000-7f81b7eb4000 rw-p 0000d000 08:02 9965183                    /usr/lib/jvm/java-8-openjdk-amd64/jre/lib/amd64/jli/libjli.so
7f81b7eb4000-7f81b7eda000 r-xp 00000000 08:02 12063415                   /lib/x86_64-linux-gnu/ld-2.23.so
7f81b7ee9000-7f81b7fba000 rw-p 00000000 00:00 0 
7f81b7fba000-7f81b7fbd000 ---p 00000000 00:00 0 
7f81b7fbd000-7f81b80bf000 rw-p 00000000 00:00 0 
7f81b80ce000-7f81b80d6000 rw-s 00000000 08:02 9441593                    /tmp/hsperfdata_jay/16562
7f81b80d6000-7f81b80d7000 rw-p 00000000 00:00 0 
7f81b80d7000-7f81b80d8000 r--p 00000000 00:00 0 
7f81b80d8000-7f81b80d9000 rw-p 00000000 00:00 0 
7f81b80d9000-7f81b80da000 r--p 00025000 08:02 12063415                   /lib/x86_64-linux-gnu/ld-2.23.so
7f81b80da000-7f81b80db000 rw-p 00026000 08:02 12063415                   /lib/x86_64-linux-gnu/ld-2.23.so
7f81b80db000-7f81b80dc000 rw-p 00000000 00:00 0 
7fff00545000-7fff00567000 rw-p 00000000 00:00 0                          [stack]
7fff00586000-7fff00589000 r--p 00000000 00:00 0                          [vvar]
7fff00589000-7fff0058b000 r-xp 00000000 00:00 0                          [vdso]
ffffffffff600000-ffffffffff601000 r-xp 00000000 00:00 0                  [vsyscall]

VM Arguments:
jvm_args: -agentpath:/home/jay/openjdk/jdk8-jdk/src/share/demo/jvmti/mtrace/libmtrace.so 
java_command: com.test.Main
java_class_path (initial): .
Launcher Type: SUN_STANDARD

Environment Variables:
JAVA_HOME=/usr/lib/jvm/java-1.8.0-openjdk-amd64
PATH=/home/jay/bin:/home/jay/.local/bin:/usr/local/sbin:/usr/local/bin:/usr/sbin:/usr/bin:/sbin:/bin:/usr/games:/usr/local/games:/snap/bin
SHELL=/bin/bash
DISPLAY=:0

Signal Handlers:
SIGSEGV: [libjvm.so+0xa765a0], sa_mask[0]=11111111011111111101111111111110, sa_flags=SA_RESTART|SA_SIGINFO
SIGBUS: [libjvm.so+0xa765a0], sa_mask[0]=11111111011111111101111111111110, sa_flags=SA_RESTART|SA_SIGINFO
SIGFPE: [libjvm.so+0x8bd800], sa_mask[0]=11111111011111111101111111111110, sa_flags=SA_RESTART|SA_SIGINFO
SIGPIPE: [libjvm.so+0x8bd800], sa_mask[0]=11111111011111111101111111111110, sa_flags=SA_RESTART|SA_SIGINFO
SIGXFSZ: [libjvm.so+0x8bd800], sa_mask[0]=11111111011111111101111111111110, sa_flags=SA_RESTART|SA_SIGINFO
SIGILL: [libjvm.so+0x8bd800], sa_mask[0]=11111111011111111101111111111110, sa_flags=SA_RESTART|SA_SIGINFO
SIGUSR1: SIG_DFL, sa_mask[0]=00000000000000000000000000000000, sa_flags=none
SIGUSR2: [libjvm.so+0x8bd6b0], sa_mask[0]=00100000000000000000000000000000, sa_flags=SA_RESTART|SA_SIGINFO
SIGHUP: SIG_DFL, sa_mask[0]=00000000000000000000000000000000, sa_flags=none
SIGINT: SIG_DFL, sa_mask[0]=00000000000000000000000000000000, sa_flags=none
SIGTERM: SIG_DFL, sa_mask[0]=00000000000000000000000000000000, sa_flags=none
SIGQUIT: SIG_DFL, sa_mask[0]=00000000000000000000000000000000, sa_flags=none


---------------  S Y S T E M  ---------------

OS:DISTRIB_ID=Ubuntu
DISTRIB_RELEASE=16.04
DISTRIB_CODENAME=xenial
DISTRIB_DESCRIPTION="Ubuntu 16.04.6 LTS"

uname:Linux 4.15.0-54-generic #58~16.04.1-Ubuntu SMP Mon Jun 24 13:21:41 UTC 2019 x86_64
libc:glibc 2.23 NPTL 2.23 
rlimit: STACK 8192k, CORE 0k, NPROC 63208, NOFILE 1048576, AS infinity
load average:0.49 0.53 0.61

/proc/meminfo:
MemTotal:       16329568 kB
MemFree:         2140812 kB
MemAvailable:    9559456 kB
Buffers:          642316 kB
Cached:          7209656 kB
SwapCached:            0 kB
Active:         10447448 kB
Inactive:        2464252 kB
Active(anon):    4990340 kB
Inactive(anon):   572628 kB
Active(file):    5457108 kB
Inactive(file):  1891624 kB
Unevictable:          48 kB
Mlocked:              48 kB
SwapTotal:      16680956 kB
SwapFree:       16680956 kB
Dirty:              8212 kB
Writeback:             0 kB
AnonPages:       5059796 kB
Mapped:           953784 kB
Shmem:            503540 kB
Slab:             486292 kB
SReclaimable:     414484 kB
SUnreclaim:        71808 kB
KernelStack:       18180 kB
PageTables:        67940 kB
NFS_Unstable:          0 kB
Bounce:                0 kB
WritebackTmp:          0 kB
CommitLimit:    24845740 kB
Committed_AS:   14342756 kB
VmallocTotal:   34359738367 kB
VmallocUsed:           0 kB
VmallocChunk:          0 kB
HardwareCorrupted:     0 kB
AnonHugePages:         0 kB
ShmemHugePages:        0 kB
ShmemPmdMapped:        0 kB
CmaTotal:              0 kB
CmaFree:               0 kB
HugePages_Total:       0
HugePages_Free:        0
HugePages_Rsvd:        0
HugePages_Surp:        0
Hugepagesize:       2048 kB
DirectMap4k:     1284660 kB
DirectMap2M:    10153984 kB
DirectMap1G:     5242880 kB

container (cgroup) information:
container_type: cgroupv1
cpu_cpuset_cpus: 0-7
cpu_memory_nodes: 0
active_processor_count: 8
cpu_quota: -1
cpu_period: 100000
cpu_shares: -1
memory_limit_in_bytes: -1
memory_and_swap_limit_in_bytes: -2
memory_soft_limit_in_bytes: -1
memory_usage_in_bytes: 13222711296
memory_max_usage_in_bytes: 53248


CPU:total 8 (initial active 8) (4 cores per cpu, 2 threads per core) family 6 model 94 stepping 3, cmov, cx8, fxsr, mmx, sse, sse2, sse3, ssse3, sse4.1, sse4.2, popcnt, avx, avx2, aes, clmul, erms, rtm, 3dnowpref, lzcnt, ht, tsc, tscinvbit, bmi1, bmi2, adx

/proc/cpuinfo:
processor	: 0
vendor_id	: GenuineIntel
cpu family	: 6
model		: 94
model name	: Intel(R) Core(TM) i7-6820HQ CPU @ 2.70GHz
stepping	: 3
microcode	: 0xcc
cpu MHz		: 3347.309
cache size	: 8192 KB
physical id	: 0
siblings	: 8
core id		: 0
cpu cores	: 4
apicid		: 0
initial apicid	: 0
fpu		: yes
fpu_exception	: yes
cpuid level	: 22
wp		: yes
flags		: fpu vme de pse tsc msr pae mce cx8 apic sep mtrr pge mca cmov pat pse36 clflush dts acpi mmx fxsr sse sse2 ss ht tm pbe syscall nx pdpe1gb rdtscp lm constant_tsc art arch_perfmon pebs bts rep_good nopl xtopology nonstop_tsc cpuid aperfmperf tsc_known_freq pni pclmulqdq dtes64 monitor ds_cpl vmx smx est tm2 ssse3 sdbg fma cx16 xtpr pdcm pcid sse4_1 sse4_2 x2apic movbe popcnt tsc_deadline_timer aes xsave avx f16c rdrand lahf_lm abm 3dnowprefetch cpuid_fault epb invpcid_single pti ssbd ibrs ibpb stibp tpr_shadow vnmi flexpriority ept vpid fsgsbase tsc_adjust bmi1 hle avx2 smep bmi2 erms invpcid rtm mpx rdseed adx smap clflushopt intel_pt xsaveopt xsavec xgetbv1 xsaves dtherm ida arat pln pts hwp hwp_notify hwp_act_window hwp_epp md_clear flush_l1d
bugs		: cpu_meltdown spectre_v1 spectre_v2 spec_store_bypass l1tf mds
bogomips	: 5424.00
clflush size	: 64
cache_alignment	: 64
address sizes	: 39 bits physical, 48 bits virtual
power management:

processor	: 1
vendor_id	: GenuineIntel
cpu family	: 6
model		: 94
model name	: Intel(R) Core(TM) i7-6820HQ CPU @ 2.70GHz
stepping	: 3
microcode	: 0xcc
cpu MHz		: 3408.892
cache size	: 8192 KB
physical id	: 0
siblings	: 8
core id		: 1
cpu cores	: 4
apicid		: 2
initial apicid	: 2
fpu		: yes
fpu_exception	: yes
cpuid level	: 22
wp		: yes
flags		: fpu vme de pse tsc msr pae mce cx8 apic sep mtrr pge mca cmov pat pse36 clflush dts acpi mmx fxsr sse sse2 ss ht tm pbe syscall nx pdpe1gb rdtscp lm constant_tsc art arch_perfmon pebs bts rep_good nopl xtopology nonstop_tsc cpuid aperfmperf tsc_known_freq pni pclmulqdq dtes64 monitor ds_cpl vmx smx est tm2 ssse3 sdbg fma cx16 xtpr pdcm pcid sse4_1 sse4_2 x2apic movbe popcnt tsc_deadline_timer aes xsave avx f16c rdrand lahf_lm abm 3dnowprefetch cpuid_fault epb invpcid_single pti ssbd ibrs ibpb stibp tpr_shadow vnmi flexpriority ept vpid fsgsbase tsc_adjust bmi1 hle avx2 smep bmi2 erms invpcid rtm mpx rdseed adx smap clflushopt intel_pt xsaveopt xsavec xgetbv1 xsaves dtherm ida arat pln pts hwp hwp_notify hwp_act_window hwp_epp md_clear flush_l1d
bugs		: cpu_meltdown spectre_v1 spectre_v2 spec_store_bypass l1tf mds
bogomips	: 5424.00
clflush size	: 64
cache_alignment	: 64
address sizes	: 39 bits physical, 48 bits virtual
power management:

processor	: 2
vendor_id	: GenuineIntel
cpu family	: 6
model		: 94
model name	: Intel(R) Core(TM) i7-6820HQ CPU @ 2.70GHz
stepping	: 3
microcode	: 0xcc
cpu MHz		: 3299.350
cache size	: 8192 KB
physical id	: 0
siblings	: 8
core id		: 2
cpu cores	: 4
apicid		: 4
initial apicid	: 4
fpu		: yes
fpu_exception	: yes
cpuid level	: 22
wp		: yes
flags		: fpu vme de pse tsc msr pae mce cx8 apic sep mtrr pge mca cmov pat pse36 clflush dts acpi mmx fxsr sse sse2 ss ht tm pbe syscall nx pdpe1gb rdtscp lm constant_tsc art arch_perfmon pebs bts rep_good nopl xtopology nonstop_tsc cpuid aperfmperf tsc_known_freq pni pclmulqdq dtes64 monitor ds_cpl vmx smx est tm2 ssse3 sdbg fma cx16 xtpr pdcm pcid sse4_1 sse4_2 x2apic movbe popcnt tsc_deadline_timer aes xsave avx f16c rdrand lahf_lm abm 3dnowprefetch cpuid_fault epb invpcid_single pti ssbd ibrs ibpb stibp tpr_shadow vnmi flexpriority ept vpid fsgsbase tsc_adjust bmi1 hle avx2 smep bmi2 erms invpcid rtm mpx rdseed adx smap clflushopt intel_pt xsaveopt xsavec xgetbv1 xsaves dtherm ida arat pln pts hwp hwp_notify hwp_act_window hwp_epp md_clear flush_l1d
bugs		: cpu_meltdown spectre_v1 spectre_v2 spec_store_bypass l1tf mds
bogomips	: 5424.00
clflush size	: 64
cache_alignment	: 64
address sizes	: 39 bits physical, 48 bits virtual
power management:

processor	: 3
vendor_id	: GenuineIntel
cpu family	: 6
model		: 94
model name	: Intel(R) Core(TM) i7-6820HQ CPU @ 2.70GHz
stepping	: 3
microcode	: 0xcc
cpu MHz		: 3267.374
cache size	: 8192 KB
physical id	: 0
siblings	: 8
core id		: 3
cpu cores	: 4
apicid		: 6
initial apicid	: 6
fpu		: yes
fpu_exception	: yes
cpuid level	: 22
wp		: yes
flags		: fpu vme de pse tsc msr pae mce cx8 apic sep mtrr pge mca cmov pat pse36 clflush dts acpi mmx fxsr sse sse2 ss ht tm pbe syscall nx pdpe1gb rdtscp lm constant_tsc art arch_perfmon pebs bts rep_good nopl xtopology nonstop_tsc cpuid aperfmperf tsc_known_freq pni pclmulqdq dtes64 monitor ds_cpl vmx smx est tm2 ssse3 sdbg fma cx16 xtpr pdcm pcid sse4_1 sse4_2 x2apic movbe popcnt tsc_deadline_timer aes xsave avx f16c rdrand lahf_lm abm 3dnowprefetch cpuid_fault epb invpcid_single pti ssbd ibrs ibpb stibp tpr_shadow vnmi flexpriority ept vpid fsgsbase tsc_adjust bmi1 hle avx2 smep bmi2 erms invpcid rtm mpx rdseed adx smap clflushopt intel_pt xsaveopt xsavec xgetbv1 xsaves dtherm ida arat pln pts hwp hwp_notify hwp_act_window hwp_epp md_clear flush_l1d
bugs		: cpu_meltdown spectre_v1 spectre_v2 spec_store_bypass l1tf mds
bogomips	: 5424.00
clflush size	: 64
cache_alignment	: 64
address sizes	: 39 bits physical, 48 bits virtual
power management:

processor	: 4
vendor_id	: GenuineIntel
cpu family	: 6
model		: 94
model name	: Intel(R) Core(TM) i7-6820HQ CPU @ 2.70GHz
stepping	: 3
microcode	: 0xcc
cpu MHz		: 3253.233
cache size	: 8192 KB
physical id	: 0
siblings	: 8
core id		: 0
cpu cores	: 4
apicid		: 1
initial apicid	: 1
fpu		: yes
fpu_exception	: yes
cpuid level	: 22
wp		: yes
flags		: fpu vme de pse tsc msr pae mce cx8 apic sep mtrr pge mca cmov pat pse36 clflush dts acpi mmx fxsr sse sse2 ss ht tm pbe syscall nx pdpe1gb rdtscp lm constant_tsc art arch_perfmon pebs bts rep_good nopl xtopology nonstop_tsc cpuid aperfmperf tsc_known_freq pni pclmulqdq dtes64 monitor ds_cpl vmx smx est tm2 ssse3 sdbg fma cx16 xtpr pdcm pcid sse4_1 sse4_2 x2apic movbe popcnt tsc_deadline_timer aes xsave avx f16c rdrand lahf_lm abm 3dnowprefetch cpuid_fault epb invpcid_single pti ssbd ibrs ibpb stibp tpr_shadow vnmi flexpriority ept vpid fsgsbase tsc_adjust bmi1 hle avx2 smep bmi2 erms invpcid rtm mpx rdseed adx smap clflushopt intel_pt xsaveopt xsavec xgetbv1 xsaves dtherm ida arat pln pts hwp hwp_notify hwp_act_window hwp_epp md_clear flush_l1d
bugs		: cpu_meltdown spectre_v1 spectre_v2 spec_store_bypass l1tf mds
bogomips	: 5424.00
clflush size	: 64
cache_alignment	: 64
address sizes	: 39 bits physical, 48 bits virtual
power management:

processor	: 5
vendor_id	: GenuineIntel
cpu family	: 6
model		: 94
model name	: Intel(R) Core(TM) i7-6820HQ CPU @ 2.70GHz
stepping	: 3
microcode	: 0xcc
cpu MHz		: 3312.857
cache size	: 8192 KB
physical id	: 0
siblings	: 8
core id		: 1
cpu cores	: 4
apicid		: 3
initial apicid	: 3
fpu		: yes
fpu_exception	: yes
cpuid level	: 22
wp		: yes
flags		: fpu vme de pse tsc msr pae mce cx8 apic sep mtrr pge mca cmov pat pse36 clflush dts acpi mmx fxsr sse sse2 ss ht tm pbe syscall nx pdpe1gb rdtscp lm constant_tsc art arch_perfmon pebs bts rep_good nopl xtopology nonstop_tsc cpuid aperfmperf tsc_known_freq pni pclmulqdq dtes64 monitor ds_cpl vmx smx est tm2 ssse3 sdbg fma cx16 xtpr pdcm pcid sse4_1 sse4_2 x2apic movbe popcnt tsc_deadline_timer aes xsave avx f16c rdrand lahf_lm abm 3dnowprefetch cpuid_fault epb invpcid_single pti ssbd ibrs ibpb stibp tpr_shadow vnmi flexpriority ept vpid fsgsbase tsc_adjust bmi1 hle avx2 smep bmi2 erms invpcid rtm mpx rdseed adx smap clflushopt intel_pt xsaveopt xsavec xgetbv1 xsaves dtherm ida arat pln pts hwp hwp_notify hwp_act_window hwp_epp md_clear flush_l1d
bugs		: cpu_meltdown spectre_v1 spectre_v2 spec_store_bypass l1tf mds
bogomips	: 5424.00
clflush size	: 64
cache_alignment	: 64
address sizes	: 39 bits physical, 48 bits virtual
power management:

processor	: 6
vendor_id	: GenuineIntel
cpu family	: 6
model		: 94
model name	: Intel(R) Core(TM) i7-6820HQ CPU @ 2.70GHz
stepping	: 3
microcode	: 0xcc
cpu MHz		: 3353.089
cache size	: 8192 KB
physical id	: 0
siblings	: 8
core id		: 2
cpu cores	: 4
apicid		: 5
initial apicid	: 5
fpu		: yes
fpu_exception	: yes
cpuid level	: 22
wp		: yes
flags		: fpu vme de pse tsc msr pae mce cx8 apic sep mtrr pge mca cmov pat pse36 clflush dts acpi mmx fxsr sse sse2 ss ht tm pbe syscall nx pdpe1gb rdtscp lm constant_tsc art arch_perfmon pebs bts rep_good nopl xtopology nonstop_tsc cpuid aperfmperf tsc_known_freq pni pclmulqdq dtes64 monitor ds_cpl vmx smx est tm2 ssse3 sdbg fma cx16 xtpr pdcm pcid sse4_1 sse4_2 x2apic movbe popcnt tsc_deadline_timer aes xsave avx f16c rdrand lahf_lm abm 3dnowprefetch cpuid_fault epb invpcid_single pti ssbd ibrs ibpb stibp tpr_shadow vnmi flexpriority ept vpid fsgsbase tsc_adjust bmi1 hle avx2 smep bmi2 erms invpcid rtm mpx rdseed adx smap clflushopt intel_pt xsaveopt xsavec xgetbv1 xsaves dtherm ida arat pln pts hwp hwp_notify hwp_act_window hwp_epp md_clear flush_l1d
bugs		: cpu_meltdown spectre_v1 spectre_v2 spec_store_bypass l1tf mds
bogomips	: 5424.00
clflush size	: 64
cache_alignment	: 64
address sizes	: 39 bits physical, 48 bits virtual
power management:

processor	: 7
vendor_id	: GenuineIntel
cpu family	: 6
model		: 94
model name	: Intel(R) Core(TM) i7-6820HQ CPU @ 2.70GHz
stepping	: 3
microcode	: 0xcc
cpu MHz		: 3254.856
cache size	: 8192 KB
physical id	: 0
siblings	: 8
core id		: 3
cpu cores	: 4
apicid		: 7
initial apicid	: 7
fpu		: yes
fpu_exception	: yes
cpuid level	: 22
wp		: yes
flags		: fpu vme de pse tsc msr pae mce cx8 apic sep mtrr pge mca cmov pat pse36 clflush dts acpi mmx fxsr sse sse2 ss ht tm pbe syscall nx pdpe1gb rdtscp lm constant_tsc art arch_perfmon pebs bts rep_good nopl xtopology nonstop_tsc cpuid aperfmperf tsc_known_freq pni pclmulqdq dtes64 monitor ds_cpl vmx smx est tm2 ssse3 sdbg fma cx16 xtpr pdcm pcid sse4_1 sse4_2 x2apic movbe popcnt tsc_deadline_timer aes xsave avx f16c rdrand lahf_lm abm 3dnowprefetch cpuid_fault epb invpcid_single pti ssbd ibrs ibpb stibp tpr_shadow vnmi flexpriority ept vpid fsgsbase tsc_adjust bmi1 hle avx2 smep bmi2 erms invpcid rtm mpx rdseed adx smap clflushopt intel_pt xsaveopt xsavec xgetbv1 xsaves dtherm ida arat pln pts hwp hwp_notify hwp_act_window hwp_epp md_clear flush_l1d
bugs		: cpu_meltdown spectre_v1 spectre_v2 spec_store_bypass l1tf mds
bogomips	: 5424.00
clflush size	: 64
cache_alignment	: 64
address sizes	: 39 bits physical, 48 bits virtual
power management:



Memory: 4k page, physical 16329568k(2140612k free), swap 16680956k(16680956k free)

vm_info: OpenJDK 64-Bit Server VM (25.212-b03) for linux-amd64 JRE (1.8.0_212-8u212-b03-0ubuntu1.16.04.1-b03), built on Apr 26 2019 02:02:50 by "buildd" with gcc 5.4.0 20160609

time: Tue Jul  2 14:02:20 2019
timezone: PDT
elapsed time: 0 seconds (0d 0h 0m 0s)

