#
# A fatal error has been detected by the Java Runtime Environment:
#
#  SIGSEGV (0xb) at pc=0x0000000000000000, pid=16631, tid=0x00007faad6a23700
#
# JRE version:  (8.0_212-b03) (build )
# Java VM: OpenJDK 64-Bit Server VM (25.212-b03 mixed mode linux-amd64 compressed oops)
# Problematic frame:
# C  0x0000000000000000
#
# Failed to write core dump. Core dumps have been disabled. To enable core dumping, try "ulimit -c unlimited" before starting Java again
#
# If you would like to submit a bug report, please visit:
#   http://bugreport.java.com/bugreport/crash.jsp
#

---------------  T H R E A D  ---------------

Current thread (0x00007faad000c000):  JavaThread "Unknown thread" [_thread_in_Java, id=16632, stack(0x00007faad6923000,0x00007faad6a24000)]

siginfo: si_signo: 11 (SIGSEGV), si_code: 1 (SEGV_MAPERR), si_addr: 0x0000000000000000

Registers:
RAX=0x0000000000000000, RBX=0x00007faabd6ff680, RCX=0x000000076cf00d10, RDX=0x0000000010500001
RSP=0x00007faad6a21ea0, RBP=0x00007faad6a21ef0, RSI=0x0000000000000003, RDI=0x00007faad000c000
R8 =0x00007faabd6ff680, R9 =0x0000000000000004, R10=0x00007faad5bfeb40, R11=0x0000000000000006
R12=0x0000000000000000, R13=0x00007faad6a21ea8, R14=0x00007faad6a21ef8, R15=0x00007faad000c000
RIP=0x0000000000000000, EFLAGS=0x0000000000010246, CSGSFS=0x002b000000000033, ERR=0x0000000000000014
  TRAPNO=0x000000000000000e

Top of Stack: (sp=0x00007faad6a21ea0)
0x00007faad6a21ea0:   00007faabff847d0 000000076cf00d10
0x00007faad6a21eb0:   00007faad6a21eb0 00007faabd70c25a
0x00007faad6a21ec0:   00007faad6a21ef8 00007faabd7a3f40
0x00007faad6a21ed0:   0000000000000000 00007faabd70c298
0x00007faad6a21ee0:   00007faad6a21ea8 00007faad6a21f00
0x00007faad6a21ef0:   00007faad6a21f60 00007faabff7d4e7
0x00007faad6a21f00:   0000000000001fa0 00007faabd70c298
0x00007faad6a21f10:   00007faad6a220c0 00007faad6a22000
0x00007faad6a21f20:   00007faad000c000 00007faad000c000
0x00007faad6a21f30:   00007faad6a22000 00007faad6a220a8
0x00007faad6a21f40:   00007faa0000000a 00007faabd70c298
0x00007faad6a21f50:   00007faabff90340 00007faad6a220c8
0x00007faad6a21f60:   00007faad6a22080 00007faad53219eb
0x00007faad6a21f70:   0000000000000000 00007faad000c000
0x00007faad6a21f80:   00000007c0000ea8 00007faad6a21fd0
0x00007faad6a21f90:   00007faad6a21fc0 000000070000000a
0x00007faad6a21fa0:   00007faabff90340 00007faa0000000e
0x00007faad6a21fb0:   0000000000000000 00007faad6a220a0
0x00007faad6a21fc0:   00007faad000c000 00007faad0009810
0x00007faad6a21fd0:   00007faad0009850 00007faad0009890
0x00007faad6a21fe0:   00007faad0009938 00000000000000d8
0x00007faad6a21ff0:   00007faad6a222c0 00007faad000c880
0x00007faad6a22000:   00007faad000c000 00007faad0051a60
0x00007faad6a22010:   00007faabd70c298 0000000000000000
0x00007faad6a22020:   0000000000000000 0000000000000000
0x00007faad6a22030:   0000000000000000 00007faad6a220a0
0x00007faad6a22040:   00007faad6a22190 cfae3a948e084b00
0x00007faad6a22050:   00007faad000c000 00007faad000c000
0x00007faad6a22060:   00007faad6a220b0 00007faad6a220c0
0x00007faad6a22070:   00007faad6a22090 0000000000000000
0x00007faad6a22080:   00007faad6a22160 00007faad52e0145
0x00007faad6a22090:   00007faabd70c298 00007faad000c000 

Instructions: (pc=0x0000000000000000)
0xffffffffffffffe0:   

Register to memory mapping:

RAX=0x0000000000000000 is an unknown value
RBX={method} {0x00007faabd6ff680} 'desiredAssertionStatus' '()Z' in 'java/lang/Class'
RCX=0x000000076cf00d10 is an oop
java.lang.Class 
 - klass: 'java/lang/Class'
RDX=0x0000000010500001 is an unknown value
RSP=0x00007faad6a21ea0 is pointing into the stack for thread: 0x00007faad000c000
RBP=0x00007faad6a21ef0 is pointing into the stack for thread: 0x00007faad000c000
RSI=0x0000000000000003 is an unknown value
RDI=0x00007faad000c000 is a thread
R8 ={method} {0x00007faabd6ff680} 'desiredAssertionStatus' '()Z' in 'java/lang/Class'
R9 =0x0000000000000004 is an unknown value
R10=0x00007faad5bfeb40: <offset 0xf44b40> in /usr/lib/jvm/java-8-openjdk-amd64/jre/lib/amd64/server/libjvm.so at 0x00007faad4cba000
R11=0x0000000000000006 is an unknown value
R12=0x0000000000000000 is an unknown value
R13=0x00007faad6a21ea8 is pointing into the stack for thread: 0x00007faad000c000
R14=0x00007faad6a21ef8 is pointing into the stack for thread: 0x00007faad000c000
R15=0x00007faad000c000 is a thread


Stack: [0x00007faad6923000,0x00007faad6a24000],  sp=0x00007faad6a21ea0,  free space=1019k

---------------  P R O C E S S  ---------------

Java Threads: ( => current thread )
=>0x00007faad000c000 JavaThread "Unknown thread" [_thread_in_Java, id=16632, stack(0x00007faad6923000,0x00007faad6a24000)]

Other Threads:
  0x00007faad00d0800 VMThread [stack: 0x00007faaaf6f7000,0x00007faaaf7f8000] [id=16641]

VM state:not at safepoint (normal execution)

VM Mutex/Monitor currently owned by a thread: None

heap address: 0x00000006c6c00000, size: 3988 MB, Compressed Oops mode: Zero based, Oop shift amount: 3
Narrow klass base: 0x0000000000000000, Narrow klass shift: 3
Compressed class space size: 1073741824 Address: 0x00000007c0000000

Heap:
 PSYoungGen      total 74752K, used 1290K [0x000000076cf00000, 0x0000000772200000, 0x00000007c0000000)
  eden space 64512K, 2% used [0x000000076cf00000,0x000000076d042900,0x0000000770e00000)
  from space 10240K, 0% used [0x0000000771800000,0x0000000771800000,0x0000000772200000)
  to   space 10240K, 0% used [0x0000000770e00000,0x0000000770e00000,0x0000000771800000)
 ParOldGen       total 171008K, used 0K [0x00000006c6c00000, 0x00000006d1300000, 0x000000076cf00000)
  object space 171008K, 0% used [0x00000006c6c00000,0x00000006c6c00000,0x00000006d1300000)
 Metaspace       used 817K, capacity 4480K, committed 4480K, reserved 1056768K
  class space    used 74K, capacity 384K, committed 384K, reserved 1048576K

Card table byte_map: [0x00007faabf3f2000,0x00007faabfbbd000] byte_map_base: 0x00007faabbdbc000

Marking Bits: (ParMarkBitMap*) 0x00007faad5bed580
 Begin Bits: [0x00007faa80360000, 0x00007faa841b0000)
 End Bits:   [0x00007faa841b0000, 0x00007faa88000000)

Polling page: 0x00007faad6a40000

CodeCache: size=245760Kb used=384Kb max_used=384Kb free=245375Kb
 bounds [0x00007faabff7d000, 0x00007faac01ed000, 0x00007faacef7d000]
 total_blobs=62 nmethods=0 adapters=38
 compilation: enabled

Compilation events (0 events):
No events

GC Heap History (0 events):
No events

Deoptimization events (0 events):
No events

Classes redefined (0 events):
No events

Internal exceptions (0 events):
No events

Events (10 events):
Event: 0.043 loading class java/lang/Integer done
Event: 0.043 loading class java/lang/Long
Event: 0.043 loading class java/lang/Long done
Event: 0.044 loading class java/lang/NullPointerException
Event: 0.044 loading class java/lang/NullPointerException done
Event: 0.044 loading class java/lang/ArithmeticException
Event: 0.044 loading class java/lang/ArithmeticException done
Event: 0.045 Thread 0x00007faad000c000 Thread added: 0x00007faad000c000
Event: 0.045 loading class Mtrace
Event: 0.045 loading class Mtrace done


Dynamic libraries:
00400000-00401000 r-xp 00000000 08:02 9832791                            /usr/lib/jvm/java-8-openjdk-amd64/jre/bin/java
00600000-00601000 r--p 00000000 08:02 9832791                            /usr/lib/jvm/java-8-openjdk-amd64/jre/bin/java
00601000-00602000 rw-p 00001000 08:02 9832791                            /usr/lib/jvm/java-8-openjdk-amd64/jre/bin/java
008c4000-008e5000 rw-p 00000000 00:00 0                                  [heap]
6c6c00000-6d1300000 rw-p 00000000 00:00 0 
6d1300000-76cf00000 ---p 00000000 00:00 0 
76cf00000-772200000 rw-p 00000000 00:00 0 
772200000-7c0000000 ---p 00000000 00:00 0 
7c0000000-7c0060000 rw-p 00000000 00:00 0 
7c0060000-800000000 ---p 00000000 00:00 0 
7faa7c000000-7faa7c021000 rw-p 00000000 00:00 0 
7faa7c021000-7faa80000000 ---p 00000000 00:00 0 
7faa80360000-7faa88000000 rw-p 00000000 00:00 0 
7faa88000000-7faa88021000 rw-p 00000000 00:00 0 
7faa88021000-7faa8c000000 ---p 00000000 00:00 0 
7faa90000000-7faa90021000 rw-p 00000000 00:00 0 
7faa90021000-7faa94000000 ---p 00000000 00:00 0 
7faa98000000-7faa98021000 rw-p 00000000 00:00 0 
7faa98021000-7faa9c000000 ---p 00000000 00:00 0 
7faaa0000000-7faaa0021000 rw-p 00000000 00:00 0 
7faaa0021000-7faaa4000000 ---p 00000000 00:00 0 
7faaa8000000-7faaa8021000 rw-p 00000000 00:00 0 
7faaa8021000-7faaac000000 ---p 00000000 00:00 0 
7faaaf6f7000-7faaaf6f8000 ---p 00000000 00:00 0 
7faaaf6f8000-7faab0000000 rw-p 00000000 00:00 0 
7faab0000000-7faab0021000 rw-p 00000000 00:00 0 
7faab0021000-7faab4000000 ---p 00000000 00:00 0 
7faab4000000-7faab4021000 rw-p 00000000 00:00 0 
7faab4021000-7faab8000000 ---p 00000000 00:00 0 
7faab8000000-7faab8021000 rw-p 00000000 00:00 0 
7faab8021000-7faabc000000 ---p 00000000 00:00 0 
7faabc01f000-7faabd4a9000 rw-p 00000000 00:00 0 
7faabd4a9000-7faabd678000 r--s 03c3b000 08:02 9832806                    /usr/lib/jvm/java-8-openjdk-amd64/jre/lib/rt.jar
7faabd678000-7faabdaee000 rw-p 00000000 00:00 0 
7faabdaee000-7faabdeee000 ---p 00000000 00:00 0 
7faabdeee000-7faabe6b8000 rw-p 00000000 00:00 0 
7faabe6b8000-7faabe6b9000 ---p 00000000 00:00 0 
7faabe6b9000-7faabe7b9000 rw-p 00000000 00:00 0 
7faabe7b9000-7faabe7ba000 ---p 00000000 00:00 0 
7faabe7ba000-7faabe8ba000 rw-p 00000000 00:00 0 
7faabe8ba000-7faabe8bb000 ---p 00000000 00:00 0 
7faabe8bb000-7faabe9bb000 rw-p 00000000 00:00 0 
7faabe9bb000-7faabe9bc000 ---p 00000000 00:00 0 
7faabe9bc000-7faabeabc000 rw-p 00000000 00:00 0 
7faabeabc000-7faabeabd000 ---p 00000000 00:00 0 
7faabeabd000-7faabebbd000 rw-p 00000000 00:00 0 
7faabebbd000-7faabebbe000 ---p 00000000 00:00 0 
7faabebbe000-7faabecbe000 rw-p 00000000 00:00 0 
7faabecbe000-7faabecbf000 ---p 00000000 00:00 0 
7faabecbf000-7faabedbf000 rw-p 00000000 00:00 0 
7faabedbf000-7faabedc0000 ---p 00000000 00:00 0 
7faabedc0000-7faabef14000 rw-p 00000000 00:00 0 
7faabef14000-7faabf3f2000 ---p 00000000 00:00 0 
7faabf3f2000-7faabf446000 rw-p 00000000 00:00 0 
7faabf446000-7faabf923000 ---p 00000000 00:00 0 
7faabf923000-7faabf94d000 rw-p 00000000 00:00 0 
7faabf94d000-7faabfbbc000 ---p 00000000 00:00 0 
7faabfbbc000-7faabfbc7000 rw-p 00000000 00:00 0 
7faabfbc7000-7faabff7d000 ---p 00000000 00:00 0 
7faabff7d000-7faac01ed000 rwxp 00000000 00:00 0 
7faac01ed000-7faacef7d000 ---p 00000000 00:00 0 
7faacef7d000-7faacef85000 r-xp 00000000 08:02 9965184                    /usr/lib/jvm/java-8-openjdk-amd64/jre/lib/amd64/libzip.so
7faacef85000-7faacf184000 ---p 00008000 08:02 9965184                    /usr/lib/jvm/java-8-openjdk-amd64/jre/lib/amd64/libzip.so
7faacf184000-7faacf185000 r--p 00007000 08:02 9965184                    /usr/lib/jvm/java-8-openjdk-amd64/jre/lib/amd64/libzip.so
7faacf185000-7faacf186000 rw-p 00008000 08:02 9965184                    /usr/lib/jvm/java-8-openjdk-amd64/jre/lib/amd64/libzip.so
7faacf186000-7faacf191000 r-xp 00000000 08:02 12063542                   /lib/x86_64-linux-gnu/libnss_files-2.23.so
7faacf191000-7faacf390000 ---p 0000b000 08:02 12063542                   /lib/x86_64-linux-gnu/libnss_files-2.23.so
7faacf390000-7faacf391000 r--p 0000a000 08:02 12063542                   /lib/x86_64-linux-gnu/libnss_files-2.23.so
7faacf391000-7faacf392000 rw-p 0000b000 08:02 12063542                   /lib/x86_64-linux-gnu/libnss_files-2.23.so
7faacf392000-7faacf398000 rw-p 00000000 00:00 0 
7faacf398000-7faacf3a3000 r-xp 00000000 08:02 12063552                   /lib/x86_64-linux-gnu/libnss_nis-2.23.so
7faacf3a3000-7faacf5a2000 ---p 0000b000 08:02 12063552                   /lib/x86_64-linux-gnu/libnss_nis-2.23.so
7faacf5a2000-7faacf5a3000 r--p 0000a000 08:02 12063552                   /lib/x86_64-linux-gnu/libnss_nis-2.23.so
7faacf5a3000-7faacf5a4000 rw-p 0000b000 08:02 12063552                   /lib/x86_64-linux-gnu/libnss_nis-2.23.so
7faacf5a4000-7faacf5ba000 r-xp 00000000 08:02 12063536                   /lib/x86_64-linux-gnu/libnsl-2.23.so
7faacf5ba000-7faacf7b9000 ---p 00016000 08:02 12063536                   /lib/x86_64-linux-gnu/libnsl-2.23.so
7faacf7b9000-7faacf7ba000 r--p 00015000 08:02 12063536                   /lib/x86_64-linux-gnu/libnsl-2.23.so
7faacf7ba000-7faacf7bb000 rw-p 00016000 08:02 12063536                   /lib/x86_64-linux-gnu/libnsl-2.23.so
7faacf7bb000-7faacf7bd000 rw-p 00000000 00:00 0 
7faacf7bd000-7faacf7c5000 r-xp 00000000 08:02 12063538                   /lib/x86_64-linux-gnu/libnss_compat-2.23.so
7faacf7c5000-7faacf9c4000 ---p 00008000 08:02 12063538                   /lib/x86_64-linux-gnu/libnss_compat-2.23.so
7faacf9c4000-7faacf9c5000 r--p 00007000 08:02 12063538                   /lib/x86_64-linux-gnu/libnss_compat-2.23.so
7faacf9c5000-7faacf9c6000 rw-p 00008000 08:02 12063538                   /lib/x86_64-linux-gnu/libnss_compat-2.23.so
7faacf9c6000-7faacf9cb000 r-xp 00000000 08:02 9965171                    /usr/lib/jvm/java-8-openjdk-amd64/jre/lib/amd64/libjava_crw_demo.so
7faacf9cb000-7faacfbca000 ---p 00005000 08:02 9965171                    /usr/lib/jvm/java-8-openjdk-amd64/jre/lib/amd64/libjava_crw_demo.so
7faacfbca000-7faacfbcb000 r--p 00004000 08:02 9965171                    /usr/lib/jvm/java-8-openjdk-amd64/jre/lib/amd64/libjava_crw_demo.so
7faacfbcb000-7faacfbcc000 rw-p 00005000 08:02 9965171                    /usr/lib/jvm/java-8-openjdk-amd64/jre/lib/amd64/libjava_crw_demo.so
7faacfbcc000-7faacfbd1000 r-xp 00000000 08:02 8388907                    /home/jay/openjdk/jdk8-jdk/src/share/demo/jvmti/mtrace/libmtrace.so
7faacfbd1000-7faacfdd0000 ---p 00005000 08:02 8388907                    /home/jay/openjdk/jdk8-jdk/src/share/demo/jvmti/mtrace/libmtrace.so
7faacfdd0000-7faacfdd1000 r--p 00004000 08:02 8388907                    /home/jay/openjdk/jdk8-jdk/src/share/demo/jvmti/mtrace/libmtrace.so
7faacfdd1000-7faacfdd2000 rw-p 00005000 08:02 8388907                    /home/jay/openjdk/jdk8-jdk/src/share/demo/jvmti/mtrace/libmtrace.so
7faacfdd2000-7faacfdfe000 r-xp 00000000 08:02 9965165                    /usr/lib/jvm/java-8-openjdk-amd64/jre/lib/amd64/libjava.so
7faacfdfe000-7faacfffd000 ---p 0002c000 08:02 9965165                    /usr/lib/jvm/java-8-openjdk-amd64/jre/lib/amd64/libjava.so
7faacfffd000-7faacfffe000 r--p 0002b000 08:02 9965165                    /usr/lib/jvm/java-8-openjdk-amd64/jre/lib/amd64/libjava.so
7faacfffe000-7faad0000000 rw-p 0002c000 08:02 9965165                    /usr/lib/jvm/java-8-openjdk-amd64/jre/lib/amd64/libjava.so
7faad0000000-7faad00d3000 rw-p 00000000 00:00 0 
7faad00d3000-7faad4000000 ---p 00000000 00:00 0 
7faad4000000-7faad400f000 r-xp 00000000 08:02 9965153                    /usr/lib/jvm/java-8-openjdk-amd64/jre/lib/amd64/libverify.so
7faad400f000-7faad420e000 ---p 0000f000 08:02 9965153                    /usr/lib/jvm/java-8-openjdk-amd64/jre/lib/amd64/libverify.so
7faad420e000-7faad4210000 r--p 0000e000 08:02 9965153                    /usr/lib/jvm/java-8-openjdk-amd64/jre/lib/amd64/libverify.so
7faad4210000-7faad4211000 rw-p 00010000 08:02 9965153                    /usr/lib/jvm/java-8-openjdk-amd64/jre/lib/amd64/libverify.so
7faad4211000-7faad4218000 r-xp 00000000 08:02 12063597                   /lib/x86_64-linux-gnu/librt-2.23.so
7faad4218000-7faad4417000 ---p 00007000 08:02 12063597                   /lib/x86_64-linux-gnu/librt-2.23.so
7faad4417000-7faad4418000 r--p 00006000 08:02 12063597                   /lib/x86_64-linux-gnu/librt-2.23.so
7faad4418000-7faad4419000 rw-p 00007000 08:02 12063597                   /lib/x86_64-linux-gnu/librt-2.23.so
7faad4419000-7faad442f000 r-xp 00000000 08:02 12063481                   /lib/x86_64-linux-gnu/libgcc_s.so.1
7faad442f000-7faad462e000 ---p 00016000 08:02 12063481                   /lib/x86_64-linux-gnu/libgcc_s.so.1
7faad462e000-7faad462f000 rw-p 00015000 08:02 12063481                   /lib/x86_64-linux-gnu/libgcc_s.so.1
7faad462f000-7faad4737000 r-xp 00000000 08:02 12063513                   /lib/x86_64-linux-gnu/libm-2.23.so
7faad4737000-7faad4936000 ---p 00108000 08:02 12063513                   /lib/x86_64-linux-gnu/libm-2.23.so
7faad4936000-7faad4937000 r--p 00107000 08:02 12063513                   /lib/x86_64-linux-gnu/libm-2.23.so
7faad4937000-7faad4938000 rw-p 00108000 08:02 12063513                   /lib/x86_64-linux-gnu/libm-2.23.so
7faad4938000-7faad4aaa000 r-xp 00000000 08:02 7480225                    /usr/lib/x86_64-linux-gnu/libstdc++.so.6.0.21
7faad4aaa000-7faad4caa000 ---p 00172000 08:02 7480225                    /usr/lib/x86_64-linux-gnu/libstdc++.so.6.0.21
7faad4caa000-7faad4cb4000 r--p 00172000 08:02 7480225                    /usr/lib/x86_64-linux-gnu/libstdc++.so.6.0.21
7faad4cb4000-7faad4cb6000 rw-p 0017c000 08:02 7480225                    /usr/lib/x86_64-linux-gnu/libstdc++.so.6.0.21
7faad4cb6000-7faad4cba000 rw-p 00000000 00:00 0 
7faad4cba000-7faad591e000 r-xp 00000000 08:02 9965163                    /usr/lib/jvm/java-8-openjdk-amd64/jre/lib/amd64/server/libjvm.so
7faad591e000-7faad5b1d000 ---p 00c64000 08:02 9965163                    /usr/lib/jvm/java-8-openjdk-amd64/jre/lib/amd64/server/libjvm.so
7faad5b1d000-7faad5bb1000 r--p 00c63000 08:02 9965163                    /usr/lib/jvm/java-8-openjdk-amd64/jre/lib/amd64/server/libjvm.so
7faad5bb1000-7faad5bda000 rw-p 00cf7000 08:02 9965163                    /usr/lib/jvm/java-8-openjdk-amd64/jre/lib/amd64/server/libjvm.so
7faad5bda000-7faad5c0a000 rw-p 00000000 00:00 0 
7faad5c0a000-7faad5c22000 r-xp 00000000 08:02 12063589                   /lib/x86_64-linux-gnu/libpthread-2.23.so
7faad5c22000-7faad5e21000 ---p 00018000 08:02 12063589                   /lib/x86_64-linux-gnu/libpthread-2.23.so
7faad5e21000-7faad5e22000 r--p 00017000 08:02 12063589                   /lib/x86_64-linux-gnu/libpthread-2.23.so
7faad5e22000-7faad5e23000 rw-p 00018000 08:02 12063589                   /lib/x86_64-linux-gnu/libpthread-2.23.so
7faad5e23000-7faad5e27000 rw-p 00000000 00:00 0 
7faad5e27000-7faad5e2a000 r-xp 00000000 08:02 12063467                   /lib/x86_64-linux-gnu/libdl-2.23.so
7faad5e2a000-7faad6029000 ---p 00003000 08:02 12063467                   /lib/x86_64-linux-gnu/libdl-2.23.so
7faad6029000-7faad602a000 r--p 00002000 08:02 12063467                   /lib/x86_64-linux-gnu/libdl-2.23.so
7faad602a000-7faad602b000 rw-p 00003000 08:02 12063467                   /lib/x86_64-linux-gnu/libdl-2.23.so
7faad602b000-7faad6044000 r-xp 00000000 08:02 12063634                   /lib/x86_64-linux-gnu/libz.so.1.2.8
7faad6044000-7faad6243000 ---p 00019000 08:02 12063634                   /lib/x86_64-linux-gnu/libz.so.1.2.8
7faad6243000-7faad6244000 r--p 00018000 08:02 12063634                   /lib/x86_64-linux-gnu/libz.so.1.2.8
7faad6244000-7faad6245000 rw-p 00019000 08:02 12063634                   /lib/x86_64-linux-gnu/libz.so.1.2.8
7faad6245000-7faad6405000 r-xp 00000000 08:02 12063443                   /lib/x86_64-linux-gnu/libc-2.23.so
7faad6405000-7faad6605000 ---p 001c0000 08:02 12063443                   /lib/x86_64-linux-gnu/libc-2.23.so
7faad6605000-7faad6609000 r--p 001c0000 08:02 12063443                   /lib/x86_64-linux-gnu/libc-2.23.so
7faad6609000-7faad660b000 rw-p 001c4000 08:02 12063443                   /lib/x86_64-linux-gnu/libc-2.23.so
7faad660b000-7faad660f000 rw-p 00000000 00:00 0 
7faad660f000-7faad661c000 r-xp 00000000 08:02 9965183                    /usr/lib/jvm/java-8-openjdk-amd64/jre/lib/amd64/jli/libjli.so
7faad661c000-7faad681b000 ---p 0000d000 08:02 9965183                    /usr/lib/jvm/java-8-openjdk-amd64/jre/lib/amd64/jli/libjli.so
7faad681b000-7faad681c000 r--p 0000c000 08:02 9965183                    /usr/lib/jvm/java-8-openjdk-amd64/jre/lib/amd64/jli/libjli.so
7faad681c000-7faad681d000 rw-p 0000d000 08:02 9965183                    /usr/lib/jvm/java-8-openjdk-amd64/jre/lib/amd64/jli/libjli.so
7faad681d000-7faad6843000 r-xp 00000000 08:02 12063415                   /lib/x86_64-linux-gnu/ld-2.23.so
7faad6852000-7faad6923000 rw-p 00000000 00:00 0 
7faad6923000-7faad6926000 ---p 00000000 00:00 0 
7faad6926000-7faad6a28000 rw-p 00000000 00:00 0 
7faad6a37000-7faad6a3f000 rw-s 00000000 08:02 9441593                    /tmp/hsperfdata_jay/16631
7faad6a3f000-7faad6a40000 rw-p 00000000 00:00 0 
7faad6a40000-7faad6a41000 r--p 00000000 00:00 0 
7faad6a41000-7faad6a42000 rw-p 00000000 00:00 0 
7faad6a42000-7faad6a43000 r--p 00025000 08:02 12063415                   /lib/x86_64-linux-gnu/ld-2.23.so
7faad6a43000-7faad6a44000 rw-p 00026000 08:02 12063415                   /lib/x86_64-linux-gnu/ld-2.23.so
7faad6a44000-7faad6a45000 rw-p 00000000 00:00 0 
7ffca26af000-7ffca26d1000 rw-p 00000000 00:00 0                          [stack]
7ffca2745000-7ffca2748000 r--p 00000000 00:00 0                          [vvar]
7ffca2748000-7ffca274a000 r-xp 00000000 00:00 0                          [vdso]
ffffffffff600000-ffffffffff601000 r-xp 00000000 00:00 0                  [vsyscall]

VM Arguments:
jvm_args: -Xbootclasspath/a:mtrace.jar -agentpath:/home/jay/openjdk/jdk8-jdk/src/share/demo/jvmti/mtrace/libmtrace.so 
java_command: com.test.Main
java_class_path (initial): .
Launcher Type: SUN_STANDARD

Environment Variables:
JAVA_HOME=/usr/lib/jvm/java-1.8.0-openjdk-amd64
PATH=/home/jay/bin:/home/jay/.local/bin:/usr/local/sbin:/usr/local/bin:/usr/sbin:/usr/bin:/sbin:/bin:/usr/games:/usr/local/games:/snap/bin
SHELL=/bin/bash
DISPLAY=:0

Signal Handlers:
SIGSEGV: [libjvm.so+0xa765a0], sa_mask[0]=11111111011111111101111111111110, sa_flags=SA_RESTART|SA_SIGINFO
SIGBUS: [libjvm.so+0xa765a0], sa_mask[0]=11111111011111111101111111111110, sa_flags=SA_RESTART|SA_SIGINFO
SIGFPE: [libjvm.so+0x8bd800], sa_mask[0]=11111111011111111101111111111110, sa_flags=SA_RESTART|SA_SIGINFO
SIGPIPE: [libjvm.so+0x8bd800], sa_mask[0]=11111111011111111101111111111110, sa_flags=SA_RESTART|SA_SIGINFO
SIGXFSZ: [libjvm.so+0x8bd800], sa_mask[0]=11111111011111111101111111111110, sa_flags=SA_RESTART|SA_SIGINFO
SIGILL: [libjvm.so+0x8bd800], sa_mask[0]=11111111011111111101111111111110, sa_flags=SA_RESTART|SA_SIGINFO
SIGUSR1: SIG_DFL, sa_mask[0]=00000000000000000000000000000000, sa_flags=none
SIGUSR2: [libjvm.so+0x8bd6b0], sa_mask[0]=00100000000000000000000000000000, sa_flags=SA_RESTART|SA_SIGINFO
SIGHUP: SIG_DFL, sa_mask[0]=00000000000000000000000000000000, sa_flags=none
SIGINT: SIG_DFL, sa_mask[0]=00000000000000000000000000000000, sa_flags=none
SIGTERM: SIG_DFL, sa_mask[0]=00000000000000000000000000000000, sa_flags=none
SIGQUIT: SIG_DFL, sa_mask[0]=00000000000000000000000000000000, sa_flags=none


---------------  S Y S T E M  ---------------

OS:DISTRIB_ID=Ubuntu
DISTRIB_RELEASE=16.04
DISTRIB_CODENAME=xenial
DISTRIB_DESCRIPTION="Ubuntu 16.04.6 LTS"

uname:Linux 4.15.0-54-generic #58~16.04.1-Ubuntu SMP Mon Jun 24 13:21:41 UTC 2019 x86_64
libc:glibc 2.23 NPTL 2.23 
rlimit: STACK 8192k, CORE 0k, NPROC 63208, NOFILE 1048576, AS infinity
load average:0.67 0.59 0.62

/proc/meminfo:
MemTotal:       16329568 kB
MemFree:         2141364 kB
MemAvailable:    9554316 kB
Buffers:          642336 kB
Cached:          7204064 kB
SwapCached:            0 kB
Active:         10445960 kB
Inactive:        2464612 kB
Active(anon):    4995080 kB
Inactive(anon):   572564 kB
Active(file):    5450880 kB
Inactive(file):  1892048 kB
Unevictable:          48 kB
Mlocked:              48 kB
SwapTotal:      16680956 kB
SwapFree:       16680956 kB
Dirty:             10956 kB
Writeback:             0 kB
AnonPages:       5064300 kB
Mapped:           953872 kB
Shmem:            503476 kB
Slab:             486476 kB
SReclaimable:     414596 kB
SUnreclaim:        71880 kB
KernelStack:       18376 kB
PageTables:        68544 kB
NFS_Unstable:          0 kB
Bounce:                0 kB
WritebackTmp:          0 kB
CommitLimit:    24845740 kB
Committed_AS:   14371708 kB
VmallocTotal:   34359738367 kB
VmallocUsed:           0 kB
VmallocChunk:          0 kB
HardwareCorrupted:     0 kB
AnonHugePages:         0 kB
ShmemHugePages:        0 kB
ShmemPmdMapped:        0 kB
CmaTotal:              0 kB
CmaFree:               0 kB
HugePages_Total:       0
HugePages_Free:        0
HugePages_Rsvd:        0
HugePages_Surp:        0
Hugepagesize:       2048 kB
DirectMap4k:     1284660 kB
DirectMap2M:    10153984 kB
DirectMap1G:     5242880 kB

container (cgroup) information:
container_type: cgroupv1
cpu_cpuset_cpus: 0-7
cpu_memory_nodes: 0
active_processor_count: 8
cpu_quota: -1
cpu_period: 100000
cpu_shares: -1
memory_limit_in_bytes: -1
memory_and_swap_limit_in_bytes: -2
memory_soft_limit_in_bytes: -1
memory_usage_in_bytes: 13220700160
memory_max_usage_in_bytes: 53248


CPU:total 8 (initial active 8) (4 cores per cpu, 2 threads per core) family 6 model 94 stepping 3, cmov, cx8, fxsr, mmx, sse, sse2, sse3, ssse3, sse4.1, sse4.2, popcnt, avx, avx2, aes, clmul, erms, rtm, 3dnowpref, lzcnt, ht, tsc, tscinvbit, bmi1, bmi2, adx

/proc/cpuinfo:
processor	: 0
vendor_id	: GenuineIntel
cpu family	: 6
model		: 94
model name	: Intel(R) Core(TM) i7-6820HQ CPU @ 2.70GHz
stepping	: 3
microcode	: 0xcc
cpu MHz		: 1643.042
cache size	: 8192 KB
physical id	: 0
siblings	: 8
core id		: 0
cpu cores	: 4
apicid		: 0
initial apicid	: 0
fpu		: yes
fpu_exception	: yes
cpuid level	: 22
wp		: yes
flags		: fpu vme de pse tsc msr pae mce cx8 apic sep mtrr pge mca cmov pat pse36 clflush dts acpi mmx fxsr sse sse2 ss ht tm pbe syscall nx pdpe1gb rdtscp lm constant_tsc art arch_perfmon pebs bts rep_good nopl xtopology nonstop_tsc cpuid aperfmperf tsc_known_freq pni pclmulqdq dtes64 monitor ds_cpl vmx smx est tm2 ssse3 sdbg fma cx16 xtpr pdcm pcid sse4_1 sse4_2 x2apic movbe popcnt tsc_deadline_timer aes xsave avx f16c rdrand lahf_lm abm 3dnowprefetch cpuid_fault epb invpcid_single pti ssbd ibrs ibpb stibp tpr_shadow vnmi flexpriority ept vpid fsgsbase tsc_adjust bmi1 hle avx2 smep bmi2 erms invpcid rtm mpx rdseed adx smap clflushopt intel_pt xsaveopt xsavec xgetbv1 xsaves dtherm ida arat pln pts hwp hwp_notify hwp_act_window hwp_epp md_clear flush_l1d
bugs		: cpu_meltdown spectre_v1 spectre_v2 spec_store_bypass l1tf mds
bogomips	: 5424.00
clflush size	: 64
cache_alignment	: 64
address sizes	: 39 bits physical, 48 bits virtual
power management:

processor	: 1
vendor_id	: GenuineIntel
cpu family	: 6
model		: 94
model name	: Intel(R) Core(TM) i7-6820HQ CPU @ 2.70GHz
stepping	: 3
microcode	: 0xcc
cpu MHz		: 1324.121
cache size	: 8192 KB
physical id	: 0
siblings	: 8
core id		: 1
cpu cores	: 4
apicid		: 2
initial apicid	: 2
fpu		: yes
fpu_exception	: yes
cpuid level	: 22
wp		: yes
flags		: fpu vme de pse tsc msr pae mce cx8 apic sep mtrr pge mca cmov pat pse36 clflush dts acpi mmx fxsr sse sse2 ss ht tm pbe syscall nx pdpe1gb rdtscp lm constant_tsc art arch_perfmon pebs bts rep_good nopl xtopology nonstop_tsc cpuid aperfmperf tsc_known_freq pni pclmulqdq dtes64 monitor ds_cpl vmx smx est tm2 ssse3 sdbg fma cx16 xtpr pdcm pcid sse4_1 sse4_2 x2apic movbe popcnt tsc_deadline_timer aes xsave avx f16c rdrand lahf_lm abm 3dnowprefetch cpuid_fault epb invpcid_single pti ssbd ibrs ibpb stibp tpr_shadow vnmi flexpriority ept vpid fsgsbase tsc_adjust bmi1 hle avx2 smep bmi2 erms invpcid rtm mpx rdseed adx smap clflushopt intel_pt xsaveopt xsavec xgetbv1 xsaves dtherm ida arat pln pts hwp hwp_notify hwp_act_window hwp_epp md_clear flush_l1d
bugs		: cpu_meltdown spectre_v1 spectre_v2 spec_store_bypass l1tf mds
bogomips	: 5424.00
clflush size	: 64
cache_alignment	: 64
address sizes	: 39 bits physical, 48 bits virtual
power management:

processor	: 2
vendor_id	: GenuineIntel
cpu family	: 6
model		: 94
model name	: Intel(R) Core(TM) i7-6820HQ CPU @ 2.70GHz
stepping	: 3
microcode	: 0xcc
cpu MHz		: 1181.476
cache size	: 8192 KB
physical id	: 0
siblings	: 8
core id		: 2
cpu cores	: 4
apicid		: 4
initial apicid	: 4
fpu		: yes
fpu_exception	: yes
cpuid level	: 22
wp		: yes
flags		: fpu vme de pse tsc msr pae mce cx8 apic sep mtrr pge mca cmov pat pse36 clflush dts acpi mmx fxsr sse sse2 ss ht tm pbe syscall nx pdpe1gb rdtscp lm constant_tsc art arch_perfmon pebs bts rep_good nopl xtopology nonstop_tsc cpuid aperfmperf tsc_known_freq pni pclmulqdq dtes64 monitor ds_cpl vmx smx est tm2 ssse3 sdbg fma cx16 xtpr pdcm pcid sse4_1 sse4_2 x2apic movbe popcnt tsc_deadline_timer aes xsave avx f16c rdrand lahf_lm abm 3dnowprefetch cpuid_fault epb invpcid_single pti ssbd ibrs ibpb stibp tpr_shadow vnmi flexpriority ept vpid fsgsbase tsc_adjust bmi1 hle avx2 smep bmi2 erms invpcid rtm mpx rdseed adx smap clflushopt intel_pt xsaveopt xsavec xgetbv1 xsaves dtherm ida arat pln pts hwp hwp_notify hwp_act_window hwp_epp md_clear flush_l1d
bugs		: cpu_meltdown spectre_v1 spectre_v2 spec_store_bypass l1tf mds
bogomips	: 5424.00
clflush size	: 64
cache_alignment	: 64
address sizes	: 39 bits physical, 48 bits virtual
power management:

processor	: 3
vendor_id	: GenuineIntel
cpu family	: 6
model		: 94
model name	: Intel(R) Core(TM) i7-6820HQ CPU @ 2.70GHz
stepping	: 3
microcode	: 0xcc
cpu MHz		: 1195.073
cache size	: 8192 KB
physical id	: 0
siblings	: 8
core id		: 3
cpu cores	: 4
apicid		: 6
initial apicid	: 6
fpu		: yes
fpu_exception	: yes
cpuid level	: 22
wp		: yes
flags		: fpu vme de pse tsc msr pae mce cx8 apic sep mtrr pge mca cmov pat pse36 clflush dts acpi mmx fxsr sse sse2 ss ht tm pbe syscall nx pdpe1gb rdtscp lm constant_tsc art arch_perfmon pebs bts rep_good nopl xtopology nonstop_tsc cpuid aperfmperf tsc_known_freq pni pclmulqdq dtes64 monitor ds_cpl vmx smx est tm2 ssse3 sdbg fma cx16 xtpr pdcm pcid sse4_1 sse4_2 x2apic movbe popcnt tsc_deadline_timer aes xsave avx f16c rdrand lahf_lm abm 3dnowprefetch cpuid_fault epb invpcid_single pti ssbd ibrs ibpb stibp tpr_shadow vnmi flexpriority ept vpid fsgsbase tsc_adjust bmi1 hle avx2 smep bmi2 erms invpcid rtm mpx rdseed adx smap clflushopt intel_pt xsaveopt xsavec xgetbv1 xsaves dtherm ida arat pln pts hwp hwp_notify hwp_act_window hwp_epp md_clear flush_l1d
bugs		: cpu_meltdown spectre_v1 spectre_v2 spec_store_bypass l1tf mds
bogomips	: 5424.00
clflush size	: 64
cache_alignment	: 64
address sizes	: 39 bits physical, 48 bits virtual
power management:

processor	: 4
vendor_id	: GenuineIntel
cpu family	: 6
model		: 94
model name	: Intel(R) Core(TM) i7-6820HQ CPU @ 2.70GHz
stepping	: 3
microcode	: 0xcc
cpu MHz		: 1281.456
cache size	: 8192 KB
physical id	: 0
siblings	: 8
core id		: 0
cpu cores	: 4
apicid		: 1
initial apicid	: 1
fpu		: yes
fpu_exception	: yes
cpuid level	: 22
wp		: yes
flags		: fpu vme de pse tsc msr pae mce cx8 apic sep mtrr pge mca cmov pat pse36 clflush dts acpi mmx fxsr sse sse2 ss ht tm pbe syscall nx pdpe1gb rdtscp lm constant_tsc art arch_perfmon pebs bts rep_good nopl xtopology nonstop_tsc cpuid aperfmperf tsc_known_freq pni pclmulqdq dtes64 monitor ds_cpl vmx smx est tm2 ssse3 sdbg fma cx16 xtpr pdcm pcid sse4_1 sse4_2 x2apic movbe popcnt tsc_deadline_timer aes xsave avx f16c rdrand lahf_lm abm 3dnowprefetch cpuid_fault epb invpcid_single pti ssbd ibrs ibpb stibp tpr_shadow vnmi flexpriority ept vpid fsgsbase tsc_adjust bmi1 hle avx2 smep bmi2 erms invpcid rtm mpx rdseed adx smap clflushopt intel_pt xsaveopt xsavec xgetbv1 xsaves dtherm ida arat pln pts hwp hwp_notify hwp_act_window hwp_epp md_clear flush_l1d
bugs		: cpu_meltdown spectre_v1 spectre_v2 spec_store_bypass l1tf mds
bogomips	: 5424.00
clflush size	: 64
cache_alignment	: 64
address sizes	: 39 bits physical, 48 bits virtual
power management:

processor	: 5
vendor_id	: GenuineIntel
cpu family	: 6
model		: 94
model name	: Intel(R) Core(TM) i7-6820HQ CPU @ 2.70GHz
stepping	: 3
microcode	: 0xcc
cpu MHz		: 1368.895
cache size	: 8192 KB
physical id	: 0
siblings	: 8
core id		: 1
cpu cores	: 4
apicid		: 3
initial apicid	: 3
fpu		: yes
fpu_exception	: yes
cpuid level	: 22
wp		: yes
flags		: fpu vme de pse tsc msr pae mce cx8 apic sep mtrr pge mca cmov pat pse36 clflush dts acpi mmx fxsr sse sse2 ss ht tm pbe syscall nx pdpe1gb rdtscp lm constant_tsc art arch_perfmon pebs bts rep_good nopl xtopology nonstop_tsc cpuid aperfmperf tsc_known_freq pni pclmulqdq dtes64 monitor ds_cpl vmx smx est tm2 ssse3 sdbg fma cx16 xtpr pdcm pcid sse4_1 sse4_2 x2apic movbe popcnt tsc_deadline_timer aes xsave avx f16c rdrand lahf_lm abm 3dnowprefetch cpuid_fault epb invpcid_single pti ssbd ibrs ibpb stibp tpr_shadow vnmi flexpriority ept vpid fsgsbase tsc_adjust bmi1 hle avx2 smep bmi2 erms invpcid rtm mpx rdseed adx smap clflushopt intel_pt xsaveopt xsavec xgetbv1 xsaves dtherm ida arat pln pts hwp hwp_notify hwp_act_window hwp_epp md_clear flush_l1d
bugs		: cpu_meltdown spectre_v1 spectre_v2 spec_store_bypass l1tf mds
bogomips	: 5424.00
clflush size	: 64
cache_alignment	: 64
address sizes	: 39 bits physical, 48 bits virtual
power management:

processor	: 6
vendor_id	: GenuineIntel
cpu family	: 6
model		: 94
model name	: Intel(R) Core(TM) i7-6820HQ CPU @ 2.70GHz
stepping	: 3
microcode	: 0xcc
cpu MHz		: 1264.565
cache size	: 8192 KB
physical id	: 0
siblings	: 8
core id		: 2
cpu cores	: 4
apicid		: 5
initial apicid	: 5
fpu		: yes
fpu_exception	: yes
cpuid level	: 22
wp		: yes
flags		: fpu vme de pse tsc msr pae mce cx8 apic sep mtrr pge mca cmov pat pse36 clflush dts acpi mmx fxsr sse sse2 ss ht tm pbe syscall nx pdpe1gb rdtscp lm constant_tsc art arch_perfmon pebs bts rep_good nopl xtopology nonstop_tsc cpuid aperfmperf tsc_known_freq pni pclmulqdq dtes64 monitor ds_cpl vmx smx est tm2 ssse3 sdbg fma cx16 xtpr pdcm pcid sse4_1 sse4_2 x2apic movbe popcnt tsc_deadline_timer aes xsave avx f16c rdrand lahf_lm abm 3dnowprefetch cpuid_fault epb invpcid_single pti ssbd ibrs ibpb stibp tpr_shadow vnmi flexpriority ept vpid fsgsbase tsc_adjust bmi1 hle avx2 smep bmi2 erms invpcid rtm mpx rdseed adx smap clflushopt intel_pt xsaveopt xsavec xgetbv1 xsaves dtherm ida arat pln pts hwp hwp_notify hwp_act_window hwp_epp md_clear flush_l1d
bugs		: cpu_meltdown spectre_v1 spectre_v2 spec_store_bypass l1tf mds
bogomips	: 5424.00
clflush size	: 64
cache_alignment	: 64
address sizes	: 39 bits physical, 48 bits virtual
power management:

processor	: 7
vendor_id	: GenuineIntel
cpu family	: 6
model		: 94
model name	: Intel(R) Core(TM) i7-6820HQ CPU @ 2.70GHz
stepping	: 3
microcode	: 0xcc
cpu MHz		: 1206.677
cache size	: 8192 KB
physical id	: 0
siblings	: 8
core id		: 3
cpu cores	: 4
apicid		: 7
initial apicid	: 7
fpu		: yes
fpu_exception	: yes
cpuid level	: 22
wp		: yes
flags		: fpu vme de pse tsc msr pae mce cx8 apic sep mtrr pge mca cmov pat pse36 clflush dts acpi mmx fxsr sse sse2 ss ht tm pbe syscall nx pdpe1gb rdtscp lm constant_tsc art arch_perfmon pebs bts rep_good nopl xtopology nonstop_tsc cpuid aperfmperf tsc_known_freq pni pclmulqdq dtes64 monitor ds_cpl vmx smx est tm2 ssse3 sdbg fma cx16 xtpr pdcm pcid sse4_1 sse4_2 x2apic movbe popcnt tsc_deadline_timer aes xsave avx f16c rdrand lahf_lm abm 3dnowprefetch cpuid_fault epb invpcid_single pti ssbd ibrs ibpb stibp tpr_shadow vnmi flexpriority ept vpid fsgsbase tsc_adjust bmi1 hle avx2 smep bmi2 erms invpcid rtm mpx rdseed adx smap clflushopt intel_pt xsaveopt xsavec xgetbv1 xsaves dtherm ida arat pln pts hwp hwp_notify hwp_act_window hwp_epp md_clear flush_l1d
bugs		: cpu_meltdown spectre_v1 spectre_v2 spec_store_bypass l1tf mds
bogomips	: 5424.00
clflush size	: 64
cache_alignment	: 64
address sizes	: 39 bits physical, 48 bits virtual
power management:



Memory: 4k page, physical 16329568k(2141316k free), swap 16680956k(16680956k free)

vm_info: OpenJDK 64-Bit Server VM (25.212-b03) for linux-amd64 JRE (1.8.0_212-8u212-b03-0ubuntu1.16.04.1-b03), built on Apr 26 2019 02:02:50 by "buildd" with gcc 5.4.0 20160609

time: Tue Jul  2 14:03:29 2019
timezone: PDT
elapsed time: 0 seconds (0d 0h 0m 0s)

